This file contains any messages produced by compilers while
running configure, to aid debugging if configure makes a mistake.

It was created by configure, which was
generated by GNU Autoconf 2.52.20231210.  Invocation command line was

  $ ./configure --prefix=/sciclone/home/jrcalzada/.local

## ---------- ##
## Platform.  ##
## ---------- ##

hostname = gust.sciclone.wm.edu
uname -m = x86_64
uname -r = 5.14.0-362.24.1.el9_3.0.1.x86_64
uname -s = Linux
uname -v = #1 SMP PREEMPT_DYNAMIC Thu Apr 4 22:31:43 UTC 2024

/usr/bin/uname -p = x86_64
/bin/uname -X     = unknown

/bin/arch              = x86_64
/usr/bin/arch -k       = unknown
/usr/convex/getsysinfo = unknown
hostinfo               = unknown
/bin/machine           = unknown
/usr/bin/oslevel       = unknown
/bin/universe          = unknown

PATH = /sciclone/home/jrcalzada/.pyenv/shims:/sciclone/home/jrcalzada/.local/share/git-subrepo/lib:/sciclone/home/jrcalzada/.nvm/versions/node/v16.17.0/bin:/sciclone/home/jrcalzada/.miniconda3/bin:/sciclone/home/jrcalzada/.local/bin:/sciclone/home/jrcalzada/.local/share/git-subrepo/lib:/sciclone/home/jrcalzada/.nvm/versions/node/v16.17.0/bin:/sciclone/home/jrcalzada/.miniconda3/bin:/sciclone/home/jrcalzada/.local/bin:/sciclone/home/jrcalzada/.local/bin:/usr/local/bin:/sciclone/home/jrcalzada/.pyenv/bin:/sciclone/home/jrcalzada/.local/share/git-subrepo/lib:/sciclone/home/jrcalzada/.nvm/versions/node/v16.17.0/bin:/sciclone/home/jrcalzada/.miniconda3/bin:/sciclone/home/jrcalzada/.local/bin:/sciclone/home/jrcalzada/.local/bin:/sciclone/home/jrcalzada/.gust/bin:/sciclone/home/jrcalzada/.cargo/bin:/sciclone/home/jrcalzada/.local/bin:/usr/local/slurm-23.11.6/bin:/usr/local/slurm-23.11.6/sbin:/usr/local/slurm-23.11.6/sbank/bin:/usr/local/bin:/usr/share/Modules/bin:/usr/local/bin:/usr/bin:/usr/local/sbin:/usr/sbin:/usr/local/sbin:/usr/sbin:/sciclone/home/jrcalzada/bin:/sciclone/home/jrcalzada/.fzf/bin:/usr/local/sbin:/usr/sbin:/sciclone/home/jrcalzada/bin

## ------------ ##
## Core tests.  ##
## ------------ ##

configure:1011: PATH=".;."; conftest.sh
./configure: line 1012: conftest.sh: command not found
configure:1014: $? = 127
configure:1056: checking build system type
configure:1074: result: x86_64-pc-linux-gnu
configure:1081: checking host system type
configure:1095: result: x86_64-pc-linux-gnu
configure:1103: checking target system type
configure:1117: result: x86_64-pc-linux-gnu
configure:1149: result: Configuring for linux-gnu
configure:1217: checking for gcc
configure:1232: found /usr/bin/gcc
configure:1240: result: gcc
configure:1468: checking for C compiler version
configure:1471: gcc --version </dev/null >&5
gcc (GCC) 11.4.1 20230605 (Red Hat 11.4.1-2)
Copyright (C) 2021 Free Software Foundation, Inc.
This is free software; see the source for copying conditions.  There is NO
warranty; not even for MERCHANTABILITY or FITNESS FOR A PARTICULAR PURPOSE.

configure:1474: $? = 0
configure:1476: gcc -v </dev/null >&5
Using built-in specs.
COLLECT_GCC=gcc
COLLECT_LTO_WRAPPER=/usr/libexec/gcc/x86_64-redhat-linux/11/lto-wrapper
OFFLOAD_TARGET_NAMES=nvptx-none
OFFLOAD_TARGET_DEFAULT=1
Target: x86_64-redhat-linux
Configured with: ../configure --enable-bootstrap --enable-host-pie --enable-host-bind-now --enable-languages=c,c++,fortran,lto --prefix=/usr --mandir=/usr/share/man --infodir=/usr/share/info --with-bugurl=https://bugs.rockylinux.org/ --enable-shared --enable-threads=posix --enable-checking=release --with-system-zlib --enable-__cxa_atexit --disable-libunwind-exceptions --enable-gnu-unique-object --enable-linker-build-id --with-gcc-major-version-only --enable-plugin --enable-initfini-array --without-isl --enable-multilib --with-linker-hash-style=gnu --enable-offload-targets=nvptx-none --without-cuda-driver --enable-gnu-indirect-function --enable-cet --with-tune=generic --with-arch_64=x86-64-v2 --with-arch_32=x86-64 --build=x86_64-redhat-linux --with-build-config=bootstrap-lto --enable-link-serialization=1
Thread model: posix
Supported LTO compression algorithms: zlib zstd
gcc version 11.4.1 20230605 (Red Hat 11.4.1-2) (GCC) 
configure:1479: $? = 0
configure:1481: gcc -V </dev/null >&5
gcc: error: unrecognized command-line option '-V'
gcc: fatal error: no input files
compilation terminated.
configure:1484: $? = 1
configure:1504: checking for C compiler default output
configure:1507: gcc -I/sciclone/home/jrcalzada/.local/include -I/sciclone/home/jrcalzada/.local/include -L/sciclone/home/jrcalzada/.local/lib conftest.c  >&5
configure:1510: $? = 0
configure:1539: result: a.out
configure:1544: checking whether the C compiler works
configure:1550: ./a.out
configure:1553: $? = 0
configure:1568: result: yes
configure:1575: checking whether we are cross compiling
configure:1577: result: no
configure:1580: checking for executable suffix
configure:1582: gcc -o conftest -I/sciclone/home/jrcalzada/.local/include -I/sciclone/home/jrcalzada/.local/include -L/sciclone/home/jrcalzada/.local/lib conftest.c  >&5
configure:1585: $? = 0
configure:1607: result: 
configure:1613: checking for object suffix
configure:1631: gcc -c -I/sciclone/home/jrcalzada/.local/include -I/sciclone/home/jrcalzada/.local/include conftest.c >&5
configure:1634: $? = 0
configure:1653: result: o
configure:1657: checking whether we are using the GNU C compiler
configure:1678: gcc -c -I/sciclone/home/jrcalzada/.local/include -I/sciclone/home/jrcalzada/.local/include conftest.c >&5
configure:1681: $? = 0
configure:1684: test -s conftest.o
configure:1687: $? = 0
configure:1699: result: yes
configure:1705: checking whether gcc accepts -g
configure:1723: gcc -c -g -I/sciclone/home/jrcalzada/.local/include conftest.c >&5
configure:1726: $? = 0
configure:1729: test -s conftest.o
configure:1732: $? = 0
configure:1742: result: yes
configure:1769: gcc -c -I/sciclone/home/jrcalzada/.local/include -I/sciclone/home/jrcalzada/.local/include conftest.c >&5
conftest.c:2:3: error: unknown type name 'choke'
    2 |   choke me
      |   ^~~~~
conftest.c:2:3: error: expected '=', ',', ';', 'asm' or '__attribute__' at end of input
configure:1772: $? = 1
configure: failed program was:
#ifndef __cplusplus
  choke me
#endif
configure:1873: checking version of gcc
configure:1877: result: 11.4.1
configure:1886: checking if this is really Intel C compiler
configure:1908: gcc -c -I/sciclone/home/jrcalzada/.local/include -no-gcc -I/sciclone/home/jrcalzada/.local/include conftest.c >&5
gcc: error: unrecognized command-line option '-no-gcc'
configure:1911: $? = 1
configure: failed program was:
#line 1891 "configure"
#include "confdefs.h"

int
main (void)
{

#ifdef __INTEL_COMPILER
#else
#error __INTEL_COMPILER is not defined
#endif

  ;
  return 0;
}
configure:1928: result: no
configure:1937: checking if this is really Clang C compiler
configure:1958: gcc -c -I/sciclone/home/jrcalzada/.local/include -I/sciclone/home/jrcalzada/.local/include conftest.c >&5
configure: In function 'main':
configure:1949:2: error: #error __clang__ is not defined
 1949 | #else
      |  ^~~~ 
configure:1961: $? = 1
configure: failed program was:
#line 1941 "configure"
#include "confdefs.h"

int
main (void)
{

#ifdef __clang__
#else
#error __clang__ is not defined
#endif

  ;
  return 0;
}
configure:1977: result: no
configure:2058: checking for gcc option to accept ANSI C
configure:2113: gcc  -c -I/sciclone/home/jrcalzada/.local/include -I/sciclone/home/jrcalzada/.local/include conftest.c >&5
configure:2116: $? = 0
configure:2119: test -s conftest.o
configure:2122: $? = 0
configure:2139: result: none needed
configure:2150: checking $CFLAGS variable
configure:2154: result: broken
configure:2156: WARNING: your environment uses the CFLAGS variable to hold CPPFLAGS options
configure:2269: checking $CC variable
configure:2404: result: ok
configure:2409: checking whether make sets ${MAKE}
configure:2429: result: yes
configure:2450: checking for a BSD compatible install
configure:2499: result: /usr/bin/install -c
configure:2510: checking if filesystem supports mixed-case filenames
configure:2537: result: yes
configure:2548: checking for exctags
configure:2574: result: no
configure:2548: checking for ctags
configure:2574: result: no
configure:2585: checking for exetags
configure:2611: result: no
configure:2585: checking for etags
configure:2600: found /usr/bin/etags
configure:2608: result: etags
configure:2620: checking for ctags
configure:2644: result: no
configure:2654: checking for etags
configure:2669: found /usr/bin/etags
configure:2678: result: yes
configure:2705: checking for mawk
configure:2731: result: no
configure:2705: checking for gawk
configure:2720: found /usr/bin/gawk
configure:2728: result: gawk
configure:2746: checking for lint
configure:2772: result: no
configure:2746: checking for cppcheck
configure:2772: result: no
configure:2746: checking for splint
configure:2772: result: no
configure:2785: checking if the POSIX test-macros are already defined
configure:2811: gcc -c  -I/sciclone/home/jrcalzada/.local/include conftest.c >&5
configure:2814: $? = 0
configure:2817: test -s conftest.o
configure:2820: $? = 0
configure:2831: result: no
configure:2873: checking if this is the GNU C library
configure:2899: gcc -c  -I/sciclone/home/jrcalzada/.local/include conftest.c >&5
configure:2902: $? = 0
configure:2905: test -s conftest.o
configure:2908: $? = 0
configure:2919: result: yes
configure:2927: checking if _DEFAULT_SOURCE can be used as a basis
configure:2958: gcc -c  -I/sciclone/home/jrcalzada/.local/include -D_DEFAULT_SOURCE conftest.c >&5
configure:2961: $? = 0
configure:2964: test -s conftest.o
configure:2967: $? = 0
configure:2979: result: yes
configure:2984: checking if _XOPEN_SOURCE=500 works with _DEFAULT_SOURCE
configure:3109: gcc -c  -I/sciclone/home/jrcalzada/.local/include -D_DEFAULT_SOURCE -D_XOPEN_SOURCE=500 conftest.c >&5
configure:3112: $? = 0
configure:3115: test -s conftest.o
configure:3118: $? = 0
configure:3129: result: yes
configure:4384: checking if _XOPEN_SOURCE really is set
configure:4402: gcc -c  -I/sciclone/home/jrcalzada/.local/include -D_DEFAULT_SOURCE -D_XOPEN_SOURCE=500 conftest.c >&5
configure:4405: $? = 0
configure:4408: test -s conftest.o
configure:4411: $? = 0
configure:4420: result: yes
configure:4440: gcc -c  -I/sciclone/home/jrcalzada/.local/include -D_DEFAULT_SOURCE -D_XOPEN_SOURCE=500 conftest.c >&5
configure:4443: $? = 0
configure:4446: test -s conftest.o
configure:4449: $? = 0
configure:4704: checking for ggrep
configure:4730: result: no
configure:4704: checking for grep
configure:4719: found /usr/bin/grep
configure:4727: result: grep
configure:4738: checking for egrep
configure:4794: result: grep -E
configure:4804: checking how to run the C preprocessor
configure:4830: gcc -E -I/sciclone/home/jrcalzada/.local/include -D_DEFAULT_SOURCE -D_XOPEN_SOURCE=500 conftest.c
configure:4836: $? = 0
configure:4863: gcc -E -I/sciclone/home/jrcalzada/.local/include -D_DEFAULT_SOURCE -D_XOPEN_SOURCE=500 conftest.c
configure:4860:10: fatal error: ac_nonexistent.h: No such file or directory
 4860 | #include "confdefs.h"
      |          ^~~~~~~~~~~~      
compilation terminated.
configure:4869: $? = 1
configure: failed program was:
#line 4859 "configure"
#include "confdefs.h"
#include <ac_nonexistent.h>
configure:4906: result: gcc -E
configure:4921: gcc -E -I/sciclone/home/jrcalzada/.local/include -D_DEFAULT_SOURCE -D_XOPEN_SOURCE=500 conftest.c
configure:4927: $? = 0
configure:4954: gcc -E -I/sciclone/home/jrcalzada/.local/include -D_DEFAULT_SOURCE -D_XOPEN_SOURCE=500 conftest.c
configure:4951:10: fatal error: ac_nonexistent.h: No such file or directory
 4951 | #include "confdefs.h"
      |          ^~~~~~~~~~~~      
compilation terminated.
configure:4960: $? = 1
configure: failed program was:
#line 4950 "configure"
#include "confdefs.h"
#include <ac_nonexistent.h>
configure:5000: checking for ANSI C header files
configure:5014: gcc -E -I/sciclone/home/jrcalzada/.local/include -D_DEFAULT_SOURCE -D_XOPEN_SOURCE=500 conftest.c
configure:5020: $? = 0
configure:5107: gcc -o conftest  -I/sciclone/home/jrcalzada/.local/include -D_DEFAULT_SOURCE -D_XOPEN_SOURCE=500 -L/sciclone/home/jrcalzada/.local/lib conftest.c  >&5
configure:5110: $? = 0
configure:5112: ./conftest
configure:5115: $? = 0
configure:5128: result: yes
configure:5144: checking for sys/types.h
configure:5156: gcc -c  -I/sciclone/home/jrcalzada/.local/include -D_DEFAULT_SOURCE -D_XOPEN_SOURCE=500 conftest.c >&5
configure:5159: $? = 0
configure:5162: test -s conftest.o
configure:5165: $? = 0
configure:5175: result: yes
configure:5144: checking for sys/stat.h
configure:5156: gcc -c  -I/sciclone/home/jrcalzada/.local/include -D_DEFAULT_SOURCE -D_XOPEN_SOURCE=500 conftest.c >&5
configure:5159: $? = 0
configure:5162: test -s conftest.o
configure:5165: $? = 0
configure:5175: result: yes
configure:5144: checking for stdlib.h
configure:5156: gcc -c  -I/sciclone/home/jrcalzada/.local/include -D_DEFAULT_SOURCE -D_XOPEN_SOURCE=500 conftest.c >&5
configure:5159: $? = 0
configure:5162: test -s conftest.o
configure:5165: $? = 0
configure:5175: result: yes
configure:5144: checking for string.h
configure:5156: gcc -c  -I/sciclone/home/jrcalzada/.local/include -D_DEFAULT_SOURCE -D_XOPEN_SOURCE=500 conftest.c >&5
configure:5159: $? = 0
configure:5162: test -s conftest.o
configure:5165: $? = 0
configure:5175: result: yes
configure:5144: checking for memory.h
configure:5156: gcc -c  -I/sciclone/home/jrcalzada/.local/include -D_DEFAULT_SOURCE -D_XOPEN_SOURCE=500 conftest.c >&5
configure:5159: $? = 0
configure:5162: test -s conftest.o
configure:5165: $? = 0
configure:5175: result: yes
configure:5144: checking for strings.h
configure:5156: gcc -c  -I/sciclone/home/jrcalzada/.local/include -D_DEFAULT_SOURCE -D_XOPEN_SOURCE=500 conftest.c >&5
configure:5159: $? = 0
configure:5162: test -s conftest.o
configure:5165: $? = 0
configure:5175: result: yes
configure:5144: checking for inttypes.h
configure:5156: gcc -c  -I/sciclone/home/jrcalzada/.local/include -D_DEFAULT_SOURCE -D_XOPEN_SOURCE=500 conftest.c >&5
configure:5159: $? = 0
configure:5162: test -s conftest.o
configure:5165: $? = 0
configure:5175: result: yes
configure:5144: checking for stdint.h
configure:5156: gcc -c  -I/sciclone/home/jrcalzada/.local/include -D_DEFAULT_SOURCE -D_XOPEN_SOURCE=500 conftest.c >&5
configure:5159: $? = 0
configure:5162: test -s conftest.o
configure:5165: $? = 0
configure:5175: result: yes
configure:5144: checking for unistd.h
configure:5156: gcc -c  -I/sciclone/home/jrcalzada/.local/include -D_DEFAULT_SOURCE -D_XOPEN_SOURCE=500 conftest.c >&5
configure:5159: $? = 0
configure:5162: test -s conftest.o
configure:5165: $? = 0
configure:5175: result: yes
configure:5185: checking whether exit is declared
configure:5206: gcc -c  -I/sciclone/home/jrcalzada/.local/include -D_DEFAULT_SOURCE -D_XOPEN_SOURCE=500 conftest.c >&5
configure:5209: $? = 0
configure:5212: test -s conftest.o
configure:5215: $? = 0
configure:5225: result: yes
configure:5231: checking for fcntl.h
configure:5241: gcc -E -I/sciclone/home/jrcalzada/.local/include -D_DEFAULT_SOURCE -D_XOPEN_SOURCE=500 conftest.c
configure:5247: $? = 0
configure:5266: result: yes
configure:5281: checking for unistd.h
configure:5316: result: yes
configure:5326: checking for working mkstemp
configure:5372: gcc -o conftest  -I/sciclone/home/jrcalzada/.local/include -D_DEFAULT_SOURCE -D_XOPEN_SOURCE=500 -L/sciclone/home/jrcalzada/.local/lib conftest.c  >&5
configure:5375: $? = 0
configure:5377: ./conftest
configure:5380: $? = 0
configure:5395: result: yes
configure:5469: checking for unistd.h
configure:5504: result: yes
configure:5469: checking for getopt.h
configure:5479: gcc -E -I/sciclone/home/jrcalzada/.local/include -D_DEFAULT_SOURCE -D_XOPEN_SOURCE=500 conftest.c
configure:5485: $? = 0
configure:5504: result: yes
configure:5514: checking for header declaring getopt variables
configure:5537: gcc -c  -I/sciclone/home/jrcalzada/.local/include -D_DEFAULT_SOURCE -D_XOPEN_SOURCE=500 conftest.c >&5
configure: In function 'main':
configure:5530:9: error: 'optind' undeclared (first use in this function)
 5530 | {
      |         ^     
configure:5530:9: note: each undeclared identifier is reported only once for each function it appears in
configure:5530:27: error: 'optarg' undeclared (first use in this function)
 5530 | {
      |                           ^     
configure:5540: $? = 1
configure: failed program was:
#line 5524 "configure"
#include "confdefs.h"

#include <stdio.h>
int
main (void)
{
int x = optind; char *y = optarg; (void)x; (void)y
  ;
  return 0;
}
configure:5537: gcc -c  -I/sciclone/home/jrcalzada/.local/include -D_DEFAULT_SOURCE -D_XOPEN_SOURCE=500 conftest.c >&5
configure: In function 'main':
configure:5530:9: error: 'optind' undeclared (first use in this function)
 5530 | {
      |         ^     
configure:5530:9: note: each undeclared identifier is reported only once for each function it appears in
configure:5530:27: error: 'optarg' undeclared (first use in this function)
 5530 | {
      |                           ^     
configure:5540: $? = 1
configure: failed program was:
#line 5524 "configure"
#include "confdefs.h"

#include <stdlib.h>
int
main (void)
{
int x = optind; char *y = optarg; (void)x; (void)y
  ;
  return 0;
}
configure:5537: gcc -c  -I/sciclone/home/jrcalzada/.local/include -D_DEFAULT_SOURCE -D_XOPEN_SOURCE=500 conftest.c >&5
configure:5540: $? = 0
configure:5543: test -s conftest.o
configure:5546: $? = 0
configure:5558: result: unistd.h
configure:5578: checking for getopt
configure:5615: gcc -o conftest  -I/sciclone/home/jrcalzada/.local/include -D_DEFAULT_SOURCE -D_XOPEN_SOURCE=500 -L/sciclone/home/jrcalzada/.local/lib conftest.c  >&5
configure:5618: $? = 0
configure:5621: test -s conftest
configure:5624: $? = 0
configure:5634: result: yes
configure:5578: checking for vsnprintf
configure:5615: gcc -o conftest  -I/sciclone/home/jrcalzada/.local/include -D_DEFAULT_SOURCE -D_XOPEN_SOURCE=500 -L/sciclone/home/jrcalzada/.local/lib conftest.c  >&5
configure:5595:6: warning: conflicting types for built-in function 'vsnprintf'; expected 'int(char *, long unsigned int,  const char *, __va_list_tag *)' [-Wbuiltin-declaration-mismatch]
 5595 |    builtin and then its argument prototype would still apply.  */
      |      ^~~~~~~~~
configure:5587:1: note: 'vsnprintf' is declared in header '<stdio.h>'
 5586 | #define $ac_func autoconf_temporary
  +++ |+#include <stdio.h>
 5587 | #include <limits.h>     /* least-intrusive standard header which defines gcc2 __stub macros */
configure:5618: $? = 0
configure:5621: test -s conftest
configure:5624: $? = 0
configure:5634: result: yes
configure:5644: checking for maximum table size
configure:5669: result: default
configure:5673: checking if backtracking extension is wanted
configure:5690: result: yes
configure:5703: checking for fgrep
configure:5759: result: grep -F
configure:5763: checking if you want to use C11 _Noreturn feature
configure:5780: result: no
configure:5994: checking if you want to turn on gcc warnings
configure:6011: result: no
configure:6142: checking for gcc __attribute__ directives...
checking for gcc __attribute__((scanf))
configure:6195: gcc -c  -I/sciclone/home/jrcalzada/.local/include -D_DEFAULT_SOURCE -D_XOPEN_SOURCE=500 conftest.c >&5
configure:6198: $? = 0
checking for gcc __attribute__((printf))
configure:6195: gcc -c  -I/sciclone/home/jrcalzada/.local/include -D_DEFAULT_SOURCE -D_XOPEN_SOURCE=500 conftest.c >&5
configure:6198: $? = 0
checking for gcc __attribute__((unused))
configure:6195: gcc -c  -I/sciclone/home/jrcalzada/.local/include -D_DEFAULT_SOURCE -D_XOPEN_SOURCE=500 conftest.c >&5
configure:6198: $? = 0
checking for gcc __attribute__((noreturn))
configure:6195: gcc -c  -I/sciclone/home/jrcalzada/.local/include -D_DEFAULT_SOURCE -D_XOPEN_SOURCE=500 conftest.c >&5
configure:6198: $? = 0
configure:6261: checking if you want to see long compiling messages
configure:6295: result: yes
configure:6298: checking if you want to use dmalloc for testing
configure:6320: result: no
configure:6535: checking if you want to use dbmalloc for testing
configure:6557: result: no
configure:6772: checking if you want to use valgrind for testing
configure:6794: result: no
configure:6907: checking if you want to perform memory-leak testing
configure:6918: result: no
configure:6933: checking for PATH separator
configure:6940: result: :
configure:6943: checking format of man-pages
configure:7034: result:  gzip
configure:7076: checking whether ln -s works
configure:7080: result: yes
configure:7208: checking for groff
configure:7225: found /usr/bin/groff
configure:7237: result: /usr/bin/groff
configure:7248: checking for nroff
configure:7265: found /usr/bin/nroff
configure:7276: result: /usr/bin/nroff
configure:7289: checking for tbl
configure:7306: found /usr/bin/tbl
configure:7318: result: /usr/bin/tbl
configure:7341: checking for man2html
configure:7370: result: no
configure:7397: checking for program to convert manpage to html
configure:7456: result: /usr/bin/groff
configure:7609: checking for mode_t
configure:7630: gcc -c  -I/sciclone/home/jrcalzada/.local/include -D_DEFAULT_SOURCE -D_XOPEN_SOURCE=500 conftest.c >&5
configure:7633: $? = 0
configure:7636: test -s conftest.o
configure:7639: $? = 0
configure:7649: result: yes
configure:7742: creating ./config.status

## ----------------------- ##
## Running config.status.  ##
## ----------------------- ##

This file was extended by config.status 2.52.20231210, executed with
  CONFIG_FILES    = 
  CONFIG_HEADERS  = 
  CONFIG_LINKS    = 
  CONFIG_COMMANDS = 
  > "./config.status "
on gust.sciclone.wm.edu

config.status:8252: creating install-man
config.status:8252: creating makefile
config.status:8413: creating config.h

## ----------------- ##
## Cache variables.  ##
## ----------------- ##

ac_cv_build=x86_64-pc-linux-gnu
ac_cv_build_alias=x86_64-pc-linux-gnu
ac_cv_c_compiler_gnu=yes
ac_cv_env_CC_set=
ac_cv_env_CC_value=
ac_cv_env_CFLAGS_set=set
ac_cv_env_CFLAGS_value=-I/sciclone/home/jrcalzada/.local/include
ac_cv_env_CPPFLAGS_set=set
ac_cv_env_CPPFLAGS_value=-I/sciclone/home/jrcalzada/.local/include
ac_cv_env_CPP_set=
ac_cv_env_CPP_value=
ac_cv_env_LDFLAGS_set=set
ac_cv_env_LDFLAGS_value=-L/sciclone/home/jrcalzada/.local/lib
ac_cv_env_build_alias_set=
ac_cv_env_build_alias_value=
ac_cv_env_host_alias_set=
ac_cv_env_host_alias_value=
ac_cv_env_target_alias_set=
ac_cv_env_target_alias_value=
ac_cv_func_getopt=yes
ac_cv_func_vsnprintf=yes
ac_cv_have_decl_exit=yes
ac_cv_header_fcntl_h=yes
ac_cv_header_getopt_h=yes
ac_cv_header_inttypes_h=yes
ac_cv_header_memory_h=yes
ac_cv_header_stdc=yes
ac_cv_header_stdint_h=yes
ac_cv_header_stdlib_h=yes
ac_cv_header_string_h=yes
ac_cv_header_strings_h=yes
ac_cv_header_sys_stat_h=yes
ac_cv_header_sys_types_h=yes
ac_cv_header_unistd_h=yes
ac_cv_host=x86_64-pc-linux-gnu
ac_cv_host_alias=x86_64-pc-linux-gnu
ac_cv_objext=o
ac_cv_path_EGREP='grep -E'
ac_cv_path_FGREP='grep -F'
ac_cv_path_GROFF_PATH=/usr/bin/groff
ac_cv_path_NROFF_PATH=/usr/bin/nroff
ac_cv_path_TBL_PATH=/usr/bin/tbl
ac_cv_path_cf_man2html=no
ac_cv_path_install='/usr/bin/install -c'
ac_cv_prog_AWK=gawk
ac_cv_prog_CPP='gcc -E'
ac_cv_prog_ETAGS=etags
ac_cv_prog_GREP=grep
ac_cv_prog_MAKE_LOWER_TAGS=no
ac_cv_prog_MAKE_UPPER_TAGS=yes
ac_cv_prog_ac_ct_CC=gcc
ac_cv_prog_cc_g=yes
ac_cv_prog_cc_stdc=
ac_cv_prog_make_make_set=yes
ac_cv_target=x86_64-pc-linux-gnu
ac_cv_target_alias=x86_64-pc-linux-gnu
ac_cv_type_mode_t=yes
cf_cv_c11_noreturn=no,
cf_cv_func_mkstemp=yes
cf_cv_getopt_header=unistd.h
cf_cv_gnu_dftsrc_219=yes
cf_cv_gnu_library=yes
cf_cv_gnu_library_219=yes
cf_cv_mixedcase=yes
cf_cv_posix_visible=no
cf_cv_system_name=linux-gnu

## ------------ ##
## confdefs.h.  ##
## ------------ ##

#define SYSTEM_NAME "linux-gnu"
#define MIXEDCASE_FILENAMES 1
#define STDC_HEADERS 1
#define HAVE_SYS_TYPES_H 1
#define HAVE_SYS_STAT_H 1
#define HAVE_STDLIB_H 1
#define HAVE_STRING_H 1
#define HAVE_MEMORY_H 1
#define HAVE_STRINGS_H 1
#define HAVE_INTTYPES_H 1
#define HAVE_STDINT_H 1
#define HAVE_UNISTD_H 1
#define HAVE_FCNTL_H 1
#define HAVE_UNISTD_H 1
#define HAVE_MKSTEMP 1
#define HAVE_UNISTD_H 1
#define HAVE_GETOPT_H 1
#define HAVE_GETOPT_HEADER 1
#define HAVE_GETOPT 1
#define HAVE_VSNPRINTF 1
#define YYBTYACC 1
#define GCC_SCANF 1
#define GCC_SCANF 1
#define GCC_SCANFLIKE(fmt,var) __attribute__((format(scanf,fmt,var)))
#define GCC_PRINTF 1
#define GCC_PRINTF 1
#define GCC_PRINTFLIKE(fmt,var) __attribute__((format(printf,fmt,var)))
#define GCC_UNUSED __attribute__((unused))
#define GCC_UNUSED __attribute__((unused))
#define GCC_NORETURN __attribute__((noreturn))
#define GCC_NORETURN __attribute__((noreturn))


configure: exit 0
