This file contains any messages produced by compilers while
running configure, to aid debugging if configure makes a mistake.

It was created by libXp configure 1.0.4, which was
generated by GNU Autoconf 2.71.  Invocation command line was

  $ ./configure --prefix=/sciclone/home/jrcalzada/.local

## --------- ##
## Platform. ##
## --------- ##

hostname = gust.sciclone.wm.edu
uname -m = x86_64
uname -r = 5.14.0-362.24.1.el9_3.0.1.x86_64
uname -s = Linux
uname -v = #1 SMP PREEMPT_DYNAMIC Thu Apr 4 22:31:43 UTC 2024

/usr/bin/uname -p = x86_64
/bin/uname -X     = unknown

/bin/arch              = x86_64
/usr/bin/arch -k       = unknown
/usr/convex/getsysinfo = unknown
/usr/bin/hostinfo      = unknown
/bin/machine           = unknown
/usr/bin/oslevel       = unknown
/bin/universe          = unknown

PATH: /sciclone/home/jrcalzada/.pyenv/shims/
PATH: /sciclone/home/jrcalzada/.local/share/git-subrepo/lib/
PATH: /sciclone/home/jrcalzada/.nvm/versions/node/v16.17.0/bin/
PATH: /sciclone/home/jrcalzada/.miniconda3/bin/
PATH: /sciclone/home/jrcalzada/.local/bin/
PATH: /sciclone/home/jrcalzada/.local/share/git-subrepo/lib/
PATH: /sciclone/home/jrcalzada/.nvm/versions/node/v16.17.0/bin/
PATH: /sciclone/home/jrcalzada/.miniconda3/bin/
PATH: /sciclone/home/jrcalzada/.local/bin/
PATH: /sciclone/home/jrcalzada/.local/share/git-subrepo/lib/
PATH: /sciclone/home/jrcalzada/.nvm/versions/node/v16.17.0/bin/
PATH: /sciclone/home/jrcalzada/.miniconda3/bin/
PATH: /sciclone/home/jrcalzada/.local/bin/
PATH: /sciclone/home/jrcalzada/.local/share/git-subrepo/lib/
PATH: /sciclone/home/jrcalzada/.nvm/versions/node/v16.17.0/bin/
PATH: /sciclone/home/jrcalzada/.miniconda3/bin/
PATH: /sciclone/home/jrcalzada/.local/bin/
PATH: /sciclone/home/jrcalzada/.local/bin/
PATH: /usr/local/bin/
PATH: /sciclone/home/jrcalzada/.pyenv/bin/
PATH: /sciclone/home/jrcalzada/.local/share/git-subrepo/lib/
PATH: /sciclone/home/jrcalzada/.nvm/versions/node/v16.17.0/bin/
PATH: /sciclone/home/jrcalzada/.miniconda3/bin/
PATH: /sciclone/home/jrcalzada/.local/bin/
PATH: /sciclone/home/jrcalzada/.local/bin/
PATH: /sciclone/home/jrcalzada/.gust/bin/
PATH: /sciclone/home/jrcalzada/.cargo/bin/
PATH: /sciclone/home/jrcalzada/.local/bin/
PATH: /usr/local/slurm-23.11.6/bin/
PATH: /usr/local/slurm-23.11.6/sbin/
PATH: /usr/local/slurm-23.11.6/sbank/bin/
PATH: /usr/local/bin/
PATH: /usr/share/Modules/bin/
PATH: /usr/local/bin/
PATH: /usr/bin/
PATH: /usr/local/sbin/
PATH: /usr/sbin/
PATH: /usr/local/sbin/
PATH: /usr/sbin/
PATH: /sciclone/home/jrcalzada/bin/
PATH: /sciclone/home/jrcalzada/.fzf/bin/
PATH: /usr/local/sbin/
PATH: /usr/sbin/
PATH: /sciclone/home/jrcalzada/bin/


## ----------- ##
## Core tests. ##
## ----------- ##

configure:2453: looking for aux files: ltmain.sh config.guess config.sub compile missing install-sh
configure:2466:  trying ./
configure:2495:   ./ltmain.sh found
configure:2495:   ./config.guess found
configure:2495:   ./config.sub found
configure:2495:   ./compile found
configure:2495:   ./missing found
configure:2477:   ./install-sh found
configure:2629: checking for a BSD-compatible install
configure:2702: result: /usr/bin/install -c
configure:2713: checking whether build environment is sane
configure:2768: result: yes
configure:2927: checking for a race-free mkdir -p
configure:2971: result: /usr/bin/mkdir -p
configure:2978: checking for gawk
configure:2999: found /usr/bin/gawk
configure:3010: result: gawk
configure:3021: checking whether make sets $(MAKE)
configure:3044: result: yes
configure:3074: checking whether make supports nested variables
configure:3092: result: yes
configure:3254: checking whether make supports the include directive
configure:3269: make -f confmf.GNU && cat confinc.out
make: Warning: File 'confmf.GNU' has modification time 0.0012 s in the future
make: warning:  Clock skew detected.  Your build may be incomplete.
this is the am__doit target
configure:3272: $? = 0
configure:3291: result: yes (GNU style)
configure:3367: checking for gcc
configure:3388: found /usr/bin/gcc
configure:3399: result: gcc
configure:3752: checking for C compiler version
configure:3761: gcc --version >&5
gcc (GCC) 11.4.1 20230605 (Red Hat 11.4.1-2)
Copyright (C) 2021 Free Software Foundation, Inc.
This is free software; see the source for copying conditions.  There is NO
warranty; not even for MERCHANTABILITY or FITNESS FOR A PARTICULAR PURPOSE.

configure:3772: $? = 0
configure:3761: gcc -v >&5
Using built-in specs.
COLLECT_GCC=gcc
COLLECT_LTO_WRAPPER=/usr/libexec/gcc/x86_64-redhat-linux/11/lto-wrapper
OFFLOAD_TARGET_NAMES=nvptx-none
OFFLOAD_TARGET_DEFAULT=1
Target: x86_64-redhat-linux
Configured with: ../configure --enable-bootstrap --enable-host-pie --enable-host-bind-now --enable-languages=c,c++,fortran,lto --prefix=/usr --mandir=/usr/share/man --infodir=/usr/share/info --with-bugurl=https://bugs.rockylinux.org/ --enable-shared --enable-threads=posix --enable-checking=release --with-system-zlib --enable-__cxa_atexit --disable-libunwind-exceptions --enable-gnu-unique-object --enable-linker-build-id --with-gcc-major-version-only --enable-plugin --enable-initfini-array --without-isl --enable-multilib --with-linker-hash-style=gnu --enable-offload-targets=nvptx-none --without-cuda-driver --enable-gnu-indirect-function --enable-cet --with-tune=generic --with-arch_64=x86-64-v2 --with-arch_32=x86-64 --build=x86_64-redhat-linux --with-build-config=bootstrap-lto --enable-link-serialization=1
Thread model: posix
Supported LTO compression algorithms: zlib zstd
gcc version 11.4.1 20230605 (Red Hat 11.4.1-2) (GCC) 
... rest of stderr output deleted ...
configure:3772: $? = 0
configure:3761: gcc -V >&5
gcc: error: unrecognized command-line option '-V'
gcc: fatal error: no input files
compilation terminated.
configure:3772: $? = 1
configure:3761: gcc -qversion >&5
gcc: error: unrecognized command-line option '-qversion'; did you mean '--version'?
gcc: fatal error: no input files
compilation terminated.
configure:3772: $? = 1
configure:3761: gcc -version >&5
gcc: error: unrecognized command-line option '-version'
gcc: fatal error: no input files
compilation terminated.
configure:3772: $? = 1
configure:3792: checking whether the C compiler works
configure:3814: gcc -I/sciclone/home/jrcalzada/.local/include -I/sciclone/home/jrcalzada/.local/include -L/sciclone/home/jrcalzada/.local/lib conftest.c  >&5
configure:3818: $? = 0
configure:3868: result: yes
configure:3871: checking for C compiler default output file name
configure:3873: result: a.out
configure:3879: checking for suffix of executables
configure:3886: gcc -o conftest -I/sciclone/home/jrcalzada/.local/include -I/sciclone/home/jrcalzada/.local/include -L/sciclone/home/jrcalzada/.local/lib conftest.c  >&5
configure:3890: $? = 0
configure:3913: result: 
configure:3935: checking whether we are cross compiling
configure:3943: gcc -o conftest -I/sciclone/home/jrcalzada/.local/include -I/sciclone/home/jrcalzada/.local/include -L/sciclone/home/jrcalzada/.local/lib conftest.c  >&5
configure:3947: $? = 0
configure:3954: ./conftest
configure:3958: $? = 0
configure:3973: result: no
configure:3978: checking for suffix of object files
configure:4001: gcc -c -I/sciclone/home/jrcalzada/.local/include -I/sciclone/home/jrcalzada/.local/include conftest.c >&5
configure:4005: $? = 0
configure:4027: result: o
configure:4031: checking whether the compiler supports GNU C
configure:4051: gcc -c -I/sciclone/home/jrcalzada/.local/include -I/sciclone/home/jrcalzada/.local/include conftest.c >&5
configure:4051: $? = 0
configure:4061: result: yes
configure:4072: checking whether gcc accepts -g
configure:4093: gcc -c -g -I/sciclone/home/jrcalzada/.local/include conftest.c >&5
configure:4093: $? = 0
configure:4137: result: yes
configure:4157: checking for gcc option to enable C11 features
configure:4172: gcc  -c -I/sciclone/home/jrcalzada/.local/include -I/sciclone/home/jrcalzada/.local/include conftest.c >&5
configure:4172: $? = 0
configure:4190: result: none needed
configure:4306: checking whether gcc understands -c and -o together
configure:4329: gcc -c conftest.c -o conftest2.o
configure:4332: $? = 0
configure:4329: gcc -c conftest.c -o conftest2.o
configure:4332: $? = 0
configure:4344: result: yes
configure:4363: checking dependency style of gcc
configure:4475: result: gcc3
configure:4492: checking for gcc options needed to detect all undeclared functions
configure:4514: gcc -c -I/sciclone/home/jrcalzada/.local/include  -I/sciclone/home/jrcalzada/.local/include conftest.c >&5
conftest.c: In function 'main':
conftest.c:15:8: error: 'strchr' undeclared (first use in this function)
   15 | (void) strchr;
      |        ^~~~~~
conftest.c:1:1: note: 'strchr' is defined in header '<string.h>'; did you forget to '#include <string.h>'?
    1 | /* confdefs.h */
conftest.c:15:8: note: each undeclared identifier is reported only once for each function it appears in
   15 | (void) strchr;
      |        ^~~~~~
configure:4514: $? = 1
configure: failed program was:
| /* confdefs.h */
| #define PACKAGE_NAME "libXp"
| #define PACKAGE_TARNAME "libXp"
| #define PACKAGE_VERSION "1.0.4"
| #define PACKAGE_STRING "libXp 1.0.4"
| #define PACKAGE_BUGREPORT "https://gitlab.freedesktop.org/xorg/lib/libxp/-/issues"
| #define PACKAGE_URL ""
| #define PACKAGE "libXp"
| #define VERSION "1.0.4"
| /* end confdefs.h.  */
| 
| int
| main (void)
| {
| (void) strchr;
|   ;
|   return 0;
| }
configure:4541: gcc -c -I/sciclone/home/jrcalzada/.local/include  -I/sciclone/home/jrcalzada/.local/include conftest.c >&5
configure:4541: $? = 0
configure:4558: result: none needed
configure:4576: checking for stdio.h
configure:4576: gcc -c -I/sciclone/home/jrcalzada/.local/include -I/sciclone/home/jrcalzada/.local/include conftest.c >&5
configure:4576: $? = 0
configure:4576: result: yes
configure:4576: checking for stdlib.h
configure:4576: gcc -c -I/sciclone/home/jrcalzada/.local/include -I/sciclone/home/jrcalzada/.local/include conftest.c >&5
configure:4576: $? = 0
configure:4576: result: yes
configure:4576: checking for string.h
configure:4576: gcc -c -I/sciclone/home/jrcalzada/.local/include -I/sciclone/home/jrcalzada/.local/include conftest.c >&5
configure:4576: $? = 0
configure:4576: result: yes
configure:4576: checking for inttypes.h
configure:4576: gcc -c -I/sciclone/home/jrcalzada/.local/include -I/sciclone/home/jrcalzada/.local/include conftest.c >&5
configure:4576: $? = 0
configure:4576: result: yes
configure:4576: checking for stdint.h
configure:4576: gcc -c -I/sciclone/home/jrcalzada/.local/include -I/sciclone/home/jrcalzada/.local/include conftest.c >&5
configure:4576: $? = 0
configure:4576: result: yes
configure:4576: checking for strings.h
configure:4576: gcc -c -I/sciclone/home/jrcalzada/.local/include -I/sciclone/home/jrcalzada/.local/include conftest.c >&5
configure:4576: $? = 0
configure:4576: result: yes
configure:4576: checking for sys/stat.h
configure:4576: gcc -c -I/sciclone/home/jrcalzada/.local/include -I/sciclone/home/jrcalzada/.local/include conftest.c >&5
configure:4576: $? = 0
configure:4576: result: yes
configure:4576: checking for sys/types.h
configure:4576: gcc -c -I/sciclone/home/jrcalzada/.local/include -I/sciclone/home/jrcalzada/.local/include conftest.c >&5
configure:4576: $? = 0
configure:4576: result: yes
configure:4576: checking for unistd.h
configure:4576: gcc -c -I/sciclone/home/jrcalzada/.local/include -I/sciclone/home/jrcalzada/.local/include conftest.c >&5
configure:4576: $? = 0
configure:4576: result: yes
configure:4605: checking whether __clang__ is declared
configure:4605: gcc -c -I/sciclone/home/jrcalzada/.local/include  -I/sciclone/home/jrcalzada/.local/include conftest.c >&5
conftest.c: In function 'main':
conftest.c:56:10: error: '__clang__' undeclared (first use in this function)
   56 |   (void) __clang__;
      |          ^~~~~~~~~
conftest.c:56:10: note: each undeclared identifier is reported only once for each function it appears in
configure:4605: $? = 1
configure: failed program was:
| /* confdefs.h */
| #define PACKAGE_NAME "libXp"
| #define PACKAGE_TARNAME "libXp"
| #define PACKAGE_VERSION "1.0.4"
| #define PACKAGE_STRING "libXp 1.0.4"
| #define PACKAGE_BUGREPORT "https://gitlab.freedesktop.org/xorg/lib/libxp/-/issues"
| #define PACKAGE_URL ""
| #define PACKAGE "libXp"
| #define VERSION "1.0.4"
| #define HAVE_STDIO_H 1
| #define HAVE_STDLIB_H 1
| #define HAVE_STRING_H 1
| #define HAVE_INTTYPES_H 1
| #define HAVE_STDINT_H 1
| #define HAVE_STRINGS_H 1
| #define HAVE_SYS_STAT_H 1
| #define HAVE_SYS_TYPES_H 1
| #define HAVE_UNISTD_H 1
| #define STDC_HEADERS 1
| /* end confdefs.h.  */
| #include <stddef.h>
| #ifdef HAVE_STDIO_H
| # include <stdio.h>
| #endif
| #ifdef HAVE_STDLIB_H
| # include <stdlib.h>
| #endif
| #ifdef HAVE_STRING_H
| # include <string.h>
| #endif
| #ifdef HAVE_INTTYPES_H
| # include <inttypes.h>
| #endif
| #ifdef HAVE_STDINT_H
| # include <stdint.h>
| #endif
| #ifdef HAVE_STRINGS_H
| # include <strings.h>
| #endif
| #ifdef HAVE_SYS_TYPES_H
| # include <sys/types.h>
| #endif
| #ifdef HAVE_SYS_STAT_H
| # include <sys/stat.h>
| #endif
| #ifdef HAVE_UNISTD_H
| # include <unistd.h>
| #endif
| int
| main (void)
| {
| #ifndef __clang__
| #ifdef __cplusplus
|   (void) __clang__;
| #else
|   (void) __clang__;
| #endif
| #endif
| 
|   ;
|   return 0;
| }
configure:4605: result: no
configure:4612: checking whether __INTEL_COMPILER is declared
configure:4612: gcc -c -I/sciclone/home/jrcalzada/.local/include  -I/sciclone/home/jrcalzada/.local/include conftest.c >&5
conftest.c: In function 'main':
conftest.c:56:10: error: '__INTEL_COMPILER' undeclared (first use in this function)
   56 |   (void) __INTEL_COMPILER;
      |          ^~~~~~~~~~~~~~~~
conftest.c:56:10: note: each undeclared identifier is reported only once for each function it appears in
configure:4612: $? = 1
configure: failed program was:
| /* confdefs.h */
| #define PACKAGE_NAME "libXp"
| #define PACKAGE_TARNAME "libXp"
| #define PACKAGE_VERSION "1.0.4"
| #define PACKAGE_STRING "libXp 1.0.4"
| #define PACKAGE_BUGREPORT "https://gitlab.freedesktop.org/xorg/lib/libxp/-/issues"
| #define PACKAGE_URL ""
| #define PACKAGE "libXp"
| #define VERSION "1.0.4"
| #define HAVE_STDIO_H 1
| #define HAVE_STDLIB_H 1
| #define HAVE_STRING_H 1
| #define HAVE_INTTYPES_H 1
| #define HAVE_STDINT_H 1
| #define HAVE_STRINGS_H 1
| #define HAVE_SYS_STAT_H 1
| #define HAVE_SYS_TYPES_H 1
| #define HAVE_UNISTD_H 1
| #define STDC_HEADERS 1
| /* end confdefs.h.  */
| #include <stddef.h>
| #ifdef HAVE_STDIO_H
| # include <stdio.h>
| #endif
| #ifdef HAVE_STDLIB_H
| # include <stdlib.h>
| #endif
| #ifdef HAVE_STRING_H
| # include <string.h>
| #endif
| #ifdef HAVE_INTTYPES_H
| # include <inttypes.h>
| #endif
| #ifdef HAVE_STDINT_H
| # include <stdint.h>
| #endif
| #ifdef HAVE_STRINGS_H
| # include <strings.h>
| #endif
| #ifdef HAVE_SYS_TYPES_H
| # include <sys/types.h>
| #endif
| #ifdef HAVE_SYS_STAT_H
| # include <sys/stat.h>
| #endif
| #ifdef HAVE_UNISTD_H
| # include <unistd.h>
| #endif
| int
| main (void)
| {
| #ifndef __INTEL_COMPILER
| #ifdef __cplusplus
|   (void) __INTEL_COMPILER;
| #else
|   (void) __INTEL_COMPILER;
| #endif
| #endif
| 
|   ;
|   return 0;
| }
configure:4612: result: no
configure:4619: checking whether __SUNPRO_C is declared
configure:4619: gcc -c -I/sciclone/home/jrcalzada/.local/include  -I/sciclone/home/jrcalzada/.local/include conftest.c >&5
conftest.c: In function 'main':
conftest.c:56:10: error: '__SUNPRO_C' undeclared (first use in this function)
   56 |   (void) __SUNPRO_C;
      |          ^~~~~~~~~~
conftest.c:56:10: note: each undeclared identifier is reported only once for each function it appears in
configure:4619: $? = 1
configure: failed program was:
| /* confdefs.h */
| #define PACKAGE_NAME "libXp"
| #define PACKAGE_TARNAME "libXp"
| #define PACKAGE_VERSION "1.0.4"
| #define PACKAGE_STRING "libXp 1.0.4"
| #define PACKAGE_BUGREPORT "https://gitlab.freedesktop.org/xorg/lib/libxp/-/issues"
| #define PACKAGE_URL ""
| #define PACKAGE "libXp"
| #define VERSION "1.0.4"
| #define HAVE_STDIO_H 1
| #define HAVE_STDLIB_H 1
| #define HAVE_STRING_H 1
| #define HAVE_INTTYPES_H 1
| #define HAVE_STDINT_H 1
| #define HAVE_STRINGS_H 1
| #define HAVE_SYS_STAT_H 1
| #define HAVE_SYS_TYPES_H 1
| #define HAVE_UNISTD_H 1
| #define STDC_HEADERS 1
| /* end confdefs.h.  */
| #include <stddef.h>
| #ifdef HAVE_STDIO_H
| # include <stdio.h>
| #endif
| #ifdef HAVE_STDLIB_H
| # include <stdlib.h>
| #endif
| #ifdef HAVE_STRING_H
| # include <string.h>
| #endif
| #ifdef HAVE_INTTYPES_H
| # include <inttypes.h>
| #endif
| #ifdef HAVE_STDINT_H
| # include <stdint.h>
| #endif
| #ifdef HAVE_STRINGS_H
| # include <strings.h>
| #endif
| #ifdef HAVE_SYS_TYPES_H
| # include <sys/types.h>
| #endif
| #ifdef HAVE_SYS_STAT_H
| # include <sys/stat.h>
| #endif
| #ifdef HAVE_UNISTD_H
| # include <unistd.h>
| #endif
| int
| main (void)
| {
| #ifndef __SUNPRO_C
| #ifdef __cplusplus
|   (void) __SUNPRO_C;
| #else
|   (void) __SUNPRO_C;
| #endif
| #endif
| 
|   ;
|   return 0;
| }
configure:4619: result: no
configure:4686: checking for pkg-config
configure:4709: found /usr/bin/pkg-config
configure:4721: result: /usr/bin/pkg-config
configure:4746: checking pkg-config is at least version 0.9.0
configure:4749: result: yes
configure:4763: checking build system type
configure:4778: result: x86_64-pc-linux-gnu
configure:4798: checking host system type
configure:4812: result: x86_64-pc-linux-gnu
configure:4832: checking for a sed that does not truncate output
configure:4902: result: /usr/bin/sed
configure:4949: checking if gcc supports -Werror=unknown-warning-option
configure:4959: gcc -c -I/sciclone/home/jrcalzada/.local/include -Werror=unknown-warning-option -I/sciclone/home/jrcalzada/.local/include conftest.c >&5
cc1: error: '-Werror=unknown-warning-option': no option '-Wunknown-warning-option'
configure:4959: $? = 1
configure: failed program was:
| /* confdefs.h */
| #define PACKAGE_NAME "libXp"
| #define PACKAGE_TARNAME "libXp"
| #define PACKAGE_VERSION "1.0.4"
| #define PACKAGE_STRING "libXp 1.0.4"
| #define PACKAGE_BUGREPORT "https://gitlab.freedesktop.org/xorg/lib/libxp/-/issues"
| #define PACKAGE_URL ""
| #define PACKAGE "libXp"
| #define VERSION "1.0.4"
| #define HAVE_STDIO_H 1
| #define HAVE_STDLIB_H 1
| #define HAVE_STRING_H 1
| #define HAVE_INTTYPES_H 1
| #define HAVE_STDINT_H 1
| #define HAVE_STRINGS_H 1
| #define HAVE_SYS_STAT_H 1
| #define HAVE_SYS_TYPES_H 1
| #define HAVE_UNISTD_H 1
| #define STDC_HEADERS 1
| /* end confdefs.h.  */
| int i;
configure:4967: result: no
configure:4978: checking if gcc supports -Werror=unused-command-line-argument
configure:4988: gcc -c -I/sciclone/home/jrcalzada/.local/include -Werror=unused-command-line-argument -I/sciclone/home/jrcalzada/.local/include conftest.c >&5
cc1: error: '-Werror=unused-command-line-argument': no option '-Wunused-command-line-argument'; did you mean '-Wunused-dummy-argument'?
configure:4988: $? = 1
configure: failed program was:
| /* confdefs.h */
| #define PACKAGE_NAME "libXp"
| #define PACKAGE_TARNAME "libXp"
| #define PACKAGE_VERSION "1.0.4"
| #define PACKAGE_STRING "libXp 1.0.4"
| #define PACKAGE_BUGREPORT "https://gitlab.freedesktop.org/xorg/lib/libxp/-/issues"
| #define PACKAGE_URL ""
| #define PACKAGE "libXp"
| #define VERSION "1.0.4"
| #define HAVE_STDIO_H 1
| #define HAVE_STDLIB_H 1
| #define HAVE_STRING_H 1
| #define HAVE_INTTYPES_H 1
| #define HAVE_STDINT_H 1
| #define HAVE_STRINGS_H 1
| #define HAVE_SYS_STAT_H 1
| #define HAVE_SYS_TYPES_H 1
| #define HAVE_UNISTD_H 1
| #define STDC_HEADERS 1
| /* end confdefs.h.  */
| int i;
configure:4996: result: no
configure:5015: checking if gcc supports -Wall
configure:5033: gcc -o conftest -I/sciclone/home/jrcalzada/.local/include -Wall -I/sciclone/home/jrcalzada/.local/include -L/sciclone/home/jrcalzada/.local/lib conftest.c  >&5
configure:5033: $? = 0
configure:5047: result: yes
configure:5139: checking if gcc supports -Wpointer-arith
configure:5157: gcc -o conftest -I/sciclone/home/jrcalzada/.local/include -Wpointer-arith -I/sciclone/home/jrcalzada/.local/include -L/sciclone/home/jrcalzada/.local/lib conftest.c  >&5
configure:5157: $? = 0
configure:5171: result: yes
configure:5263: checking if gcc supports -Wmissing-declarations
configure:5281: gcc -o conftest -I/sciclone/home/jrcalzada/.local/include -Wmissing-declarations -I/sciclone/home/jrcalzada/.local/include -L/sciclone/home/jrcalzada/.local/lib conftest.c  >&5
configure:5281: $? = 0
configure:5295: result: yes
configure:5387: checking if gcc supports -Wformat=2
configure:5405: gcc -o conftest -I/sciclone/home/jrcalzada/.local/include -Wformat=2 -I/sciclone/home/jrcalzada/.local/include -L/sciclone/home/jrcalzada/.local/lib conftest.c  >&5
configure:5405: $? = 0
configure:5419: result: yes
configure:5564: checking if gcc supports -Wstrict-prototypes
configure:5582: gcc -o conftest -I/sciclone/home/jrcalzada/.local/include -Wstrict-prototypes -I/sciclone/home/jrcalzada/.local/include -L/sciclone/home/jrcalzada/.local/lib conftest.c  >&5
configure:5582: $? = 0
configure:5596: result: yes
configure:5688: checking if gcc supports -Wmissing-prototypes
configure:5706: gcc -o conftest -I/sciclone/home/jrcalzada/.local/include -Wmissing-prototypes -I/sciclone/home/jrcalzada/.local/include -L/sciclone/home/jrcalzada/.local/lib conftest.c  >&5
configure:5706: $? = 0
configure:5720: result: yes
configure:5812: checking if gcc supports -Wnested-externs
configure:5830: gcc -o conftest -I/sciclone/home/jrcalzada/.local/include -Wnested-externs -I/sciclone/home/jrcalzada/.local/include -L/sciclone/home/jrcalzada/.local/lib conftest.c  >&5
configure:5830: $? = 0
configure:5844: result: yes
configure:5936: checking if gcc supports -Wbad-function-cast
configure:5954: gcc -o conftest -I/sciclone/home/jrcalzada/.local/include -Wbad-function-cast -I/sciclone/home/jrcalzada/.local/include -L/sciclone/home/jrcalzada/.local/lib conftest.c  >&5
configure:5954: $? = 0
configure:5968: result: yes
configure:6060: checking if gcc supports -Wold-style-definition
configure:6078: gcc -o conftest -I/sciclone/home/jrcalzada/.local/include -Wold-style-definition -I/sciclone/home/jrcalzada/.local/include -L/sciclone/home/jrcalzada/.local/lib conftest.c  >&5
configure:6078: $? = 0
configure:6092: result: yes
configure:6235: checking if gcc supports -Wdeclaration-after-statement
configure:6253: gcc -o conftest -I/sciclone/home/jrcalzada/.local/include -Wdeclaration-after-statement -I/sciclone/home/jrcalzada/.local/include -L/sciclone/home/jrcalzada/.local/lib conftest.c  >&5
configure:6253: $? = 0
configure:6267: result: yes
configure:6363: checking if gcc supports -Wunused
configure:6381: gcc -o conftest -I/sciclone/home/jrcalzada/.local/include -Wunused -I/sciclone/home/jrcalzada/.local/include -L/sciclone/home/jrcalzada/.local/lib conftest.c  >&5
configure:6381: $? = 0
configure:6395: result: yes
configure:6487: checking if gcc supports -Wuninitialized
configure:6505: gcc -o conftest -I/sciclone/home/jrcalzada/.local/include -Wuninitialized -I/sciclone/home/jrcalzada/.local/include -L/sciclone/home/jrcalzada/.local/lib conftest.c  >&5
configure:6505: $? = 0
configure:6519: result: yes
configure:6611: checking if gcc supports -Wshadow
configure:6629: gcc -o conftest -I/sciclone/home/jrcalzada/.local/include -Wshadow -I/sciclone/home/jrcalzada/.local/include -L/sciclone/home/jrcalzada/.local/lib conftest.c  >&5
configure:6629: $? = 0
configure:6643: result: yes
configure:6735: checking if gcc supports -Wmissing-noreturn
configure:6753: gcc -o conftest -I/sciclone/home/jrcalzada/.local/include -Wmissing-noreturn -I/sciclone/home/jrcalzada/.local/include -L/sciclone/home/jrcalzada/.local/lib conftest.c  >&5
configure:6753: $? = 0
configure:6767: result: yes
configure:6859: checking if gcc supports -Wmissing-format-attribute
configure:6877: gcc -o conftest -I/sciclone/home/jrcalzada/.local/include -Wmissing-format-attribute -I/sciclone/home/jrcalzada/.local/include -L/sciclone/home/jrcalzada/.local/lib conftest.c  >&5
configure:6877: $? = 0
configure:6891: result: yes
configure:6983: checking if gcc supports -Wredundant-decls
configure:7001: gcc -o conftest -I/sciclone/home/jrcalzada/.local/include -Wredundant-decls -I/sciclone/home/jrcalzada/.local/include -L/sciclone/home/jrcalzada/.local/lib conftest.c  >&5
configure:7001: $? = 0
configure:7015: result: yes
configure:7107: checking if gcc supports -Wlogical-op
configure:7125: gcc -o conftest -I/sciclone/home/jrcalzada/.local/include -Wlogical-op -I/sciclone/home/jrcalzada/.local/include -L/sciclone/home/jrcalzada/.local/lib conftest.c  >&5
configure:7125: $? = 0
configure:7139: result: yes
configure:7243: checking if gcc supports -Werror=implicit
configure:7261: gcc -o conftest -I/sciclone/home/jrcalzada/.local/include -Werror=implicit -I/sciclone/home/jrcalzada/.local/include -L/sciclone/home/jrcalzada/.local/lib conftest.c  >&5
configure:7261: $? = 0
configure:7275: result: yes
configure:7418: checking if gcc supports -Werror=nonnull
configure:7436: gcc -o conftest -I/sciclone/home/jrcalzada/.local/include -Werror=nonnull -I/sciclone/home/jrcalzada/.local/include -L/sciclone/home/jrcalzada/.local/lib conftest.c  >&5
configure:7436: $? = 0
configure:7450: result: yes
configure:7542: checking if gcc supports -Werror=init-self
configure:7560: gcc -o conftest -I/sciclone/home/jrcalzada/.local/include -Werror=init-self -I/sciclone/home/jrcalzada/.local/include -L/sciclone/home/jrcalzada/.local/lib conftest.c  >&5
configure:7560: $? = 0
configure:7574: result: yes
configure:7666: checking if gcc supports -Werror=main
configure:7684: gcc -o conftest -I/sciclone/home/jrcalzada/.local/include -Werror=main -I/sciclone/home/jrcalzada/.local/include -L/sciclone/home/jrcalzada/.local/lib conftest.c  >&5
configure:7684: $? = 0
configure:7698: result: yes
configure:7790: checking if gcc supports -Werror=missing-braces
configure:7808: gcc -o conftest -I/sciclone/home/jrcalzada/.local/include -Werror=missing-braces -I/sciclone/home/jrcalzada/.local/include -L/sciclone/home/jrcalzada/.local/lib conftest.c  >&5
configure:7808: $? = 0
configure:7822: result: yes
configure:7914: checking if gcc supports -Werror=sequence-point
configure:7932: gcc -o conftest -I/sciclone/home/jrcalzada/.local/include -Werror=sequence-point -I/sciclone/home/jrcalzada/.local/include -L/sciclone/home/jrcalzada/.local/lib conftest.c  >&5
configure:7932: $? = 0
configure:7946: result: yes
configure:8038: checking if gcc supports -Werror=return-type
configure:8056: gcc -o conftest -I/sciclone/home/jrcalzada/.local/include -Werror=return-type -I/sciclone/home/jrcalzada/.local/include -L/sciclone/home/jrcalzada/.local/lib conftest.c  >&5
configure:8056: $? = 0
configure:8070: result: yes
configure:8213: checking if gcc supports -Werror=trigraphs
configure:8231: gcc -o conftest -I/sciclone/home/jrcalzada/.local/include -Werror=trigraphs -I/sciclone/home/jrcalzada/.local/include -L/sciclone/home/jrcalzada/.local/lib conftest.c  >&5
configure:8231: $? = 0
configure:8245: result: yes
configure:8337: checking if gcc supports -Werror=array-bounds
configure:8355: gcc -o conftest -I/sciclone/home/jrcalzada/.local/include -Werror=array-bounds -I/sciclone/home/jrcalzada/.local/include -L/sciclone/home/jrcalzada/.local/lib conftest.c  >&5
configure:8355: $? = 0
configure:8369: result: yes
configure:8461: checking if gcc supports -Werror=write-strings
configure:8479: gcc -o conftest -I/sciclone/home/jrcalzada/.local/include -Werror=write-strings -I/sciclone/home/jrcalzada/.local/include -L/sciclone/home/jrcalzada/.local/lib conftest.c  >&5
configure:8479: $? = 0
configure:8493: result: yes
configure:8585: checking if gcc supports -Werror=address
configure:8603: gcc -o conftest -I/sciclone/home/jrcalzada/.local/include -Werror=address -I/sciclone/home/jrcalzada/.local/include -L/sciclone/home/jrcalzada/.local/lib conftest.c  >&5
configure:8603: $? = 0
configure:8617: result: yes
configure:8709: checking if gcc supports -Werror=int-to-pointer-cast
configure:8727: gcc -o conftest -I/sciclone/home/jrcalzada/.local/include -Werror=int-to-pointer-cast -I/sciclone/home/jrcalzada/.local/include -L/sciclone/home/jrcalzada/.local/lib conftest.c  >&5
configure:8727: $? = 0
configure:8741: result: yes
configure:8884: checking if gcc supports -Werror=pointer-to-int-cast
configure:8902: gcc -o conftest -I/sciclone/home/jrcalzada/.local/include -Werror=pointer-to-int-cast -I/sciclone/home/jrcalzada/.local/include -L/sciclone/home/jrcalzada/.local/lib conftest.c  >&5
configure:8902: $? = 0
configure:8916: result: yes
configure:10657: checking if gcc supports -pedantic
configure:10675: gcc -o conftest -I/sciclone/home/jrcalzada/.local/include -pedantic -I/sciclone/home/jrcalzada/.local/include -L/sciclone/home/jrcalzada/.local/lib conftest.c  >&5
configure:10675: $? = 0
configure:10689: result: yes
configure:10781: checking if gcc supports -Werror
configure:10799: gcc -o conftest -I/sciclone/home/jrcalzada/.local/include -Werror -I/sciclone/home/jrcalzada/.local/include -L/sciclone/home/jrcalzada/.local/lib conftest.c  >&5
configure:10799: $? = 0
configure:10813: result: yes
configure:10959: checking if gcc supports -Werror=attributes
configure:10977: gcc -o conftest -I/sciclone/home/jrcalzada/.local/include -Werror=attributes -I/sciclone/home/jrcalzada/.local/include -L/sciclone/home/jrcalzada/.local/lib conftest.c  >&5
configure:10977: $? = 0
configure:10991: result: yes
configure:11182: checking whether make supports nested variables
configure:11200: result: yes
configure:11261: checking how to print strings
configure:11288: result: printf
configure:11309: checking for a sed that does not truncate output
configure:11379: result: /usr/bin/sed
configure:11397: checking for grep that handles long lines and -e
configure:11461: result: /usr/bin/grep
configure:11466: checking for egrep
configure:11534: result: /usr/bin/grep -E
configure:11539: checking for fgrep
configure:11607: result: /usr/bin/grep -F
configure:11643: checking for ld used by gcc
configure:11711: result: /usr/bin/ld
configure:11718: checking if the linker (/usr/bin/ld) is GNU ld
configure:11734: result: yes
configure:11746: checking for BSD- or MS-compatible name lister (nm)
configure:11801: result: /usr/bin/nm -B
configure:11941: checking the name lister (/usr/bin/nm -B) interface
configure:11949: gcc -c -I/sciclone/home/jrcalzada/.local/include -I/sciclone/home/jrcalzada/.local/include conftest.c >&5
configure:11952: /usr/bin/nm -B "conftest.o"
configure:11955: output
0000000000000000 B some_variable
configure:11962: result: BSD nm
configure:11965: checking whether ln -s works
configure:11969: result: yes
configure:11977: checking the maximum length of command line arguments
configure:12109: result: 4718592
configure:12157: checking how to convert x86_64-pc-linux-gnu file names to x86_64-pc-linux-gnu format
configure:12198: result: func_convert_file_noop
configure:12205: checking how to convert x86_64-pc-linux-gnu file names to toolchain format
configure:12226: result: func_convert_file_noop
configure:12233: checking for /usr/bin/ld option to reload object files
configure:12241: result: -r
configure:12320: checking for file
configure:12341: found /usr/bin/file
configure:12352: result: file
configure:12428: checking for objdump
configure:12449: found /usr/bin/objdump
configure:12460: result: objdump
configure:12492: checking how to recognize dependent libraries
configure:12693: result: pass_all
configure:12783: checking for dlltool
configure:12818: result: no
configure:12848: checking how to associate runtime and link libraries
configure:12876: result: printf %s\n
configure:12941: checking for ar
configure:12962: found /usr/bin/ar
configure:12973: result: ar
configure:13026: checking for archiver @FILE support
configure:13044: gcc -c -I/sciclone/home/jrcalzada/.local/include -I/sciclone/home/jrcalzada/.local/include conftest.c >&5
configure:13044: $? = 0
configure:13048: ar cr libconftest.a @conftest.lst >&5
configure:13051: $? = 0
configure:13056: ar cr libconftest.a @conftest.lst >&5
ar: conftest.o: No such file or directory
configure:13059: $? = 1
configure:13071: result: @
configure:13134: checking for strip
configure:13155: found /usr/bin/strip
configure:13166: result: strip
configure:13243: checking for ranlib
configure:13264: found /usr/bin/ranlib
configure:13275: result: ranlib
configure:13377: checking command to parse /usr/bin/nm -B output from gcc object
configure:13531: gcc -c -I/sciclone/home/jrcalzada/.local/include -I/sciclone/home/jrcalzada/.local/include conftest.c >&5
configure:13534: $? = 0
configure:13538: /usr/bin/nm -B conftest.o \| /usr/bin/sed -n -e 's/^.*[ ]\([ABCDGIRSTW][ABCDGIRSTW]*\)[ ][ ]*\([_A-Za-z][_A-Za-z0-9]*\)$/\1 \2 \2/p' | /usr/bin/sed '/ __gnu_lto/d' \> conftest.nm
configure:13541: $? = 0
configure:13607: gcc -o conftest -I/sciclone/home/jrcalzada/.local/include -I/sciclone/home/jrcalzada/.local/include -L/sciclone/home/jrcalzada/.local/lib conftest.c conftstm.o >&5
configure:13610: $? = 0
configure:13648: result: ok
configure:13695: checking for sysroot
configure:13726: result: no
configure:13733: checking for a working dd
configure:13777: result: /usr/bin/dd
configure:13781: checking how to truncate binary pipes
configure:13797: result: /usr/bin/dd bs=4096 count=1
configure:13934: gcc -c -I/sciclone/home/jrcalzada/.local/include -I/sciclone/home/jrcalzada/.local/include conftest.c >&5
configure:13937: $? = 0
configure:14134: checking for mt
configure:14169: result: no
configure:14189: checking if : is a manifest tool
configure:14196: : '-?'
configure:14204: result: no
configure:14925: checking for dlfcn.h
configure:14925: gcc -c -I/sciclone/home/jrcalzada/.local/include -I/sciclone/home/jrcalzada/.local/include conftest.c >&5
configure:14925: $? = 0
configure:14925: result: yes
configure:15184: checking for objdir
configure:15200: result: .libs
configure:15460: checking if gcc supports -fno-rtti -fno-exceptions
configure:15479: gcc -c -I/sciclone/home/jrcalzada/.local/include -I/sciclone/home/jrcalzada/.local/include -fno-rtti -fno-exceptions conftest.c >&5
cc1: warning: command-line option '-fno-rtti' is valid for C++/D/ObjC++ but not for C
configure:15483: $? = 0
configure:15496: result: no
configure:15854: checking for gcc option to produce PIC
configure:15862: result: -fPIC -DPIC
configure:15870: checking if gcc PIC flag -fPIC -DPIC works
configure:15889: gcc -c -I/sciclone/home/jrcalzada/.local/include -I/sciclone/home/jrcalzada/.local/include -fPIC -DPIC -DPIC conftest.c >&5
configure:15893: $? = 0
configure:15906: result: yes
configure:15935: checking if gcc static flag -static works
configure:15964: result: no
configure:15979: checking if gcc supports -c -o file.o
configure:16001: gcc -c -I/sciclone/home/jrcalzada/.local/include -I/sciclone/home/jrcalzada/.local/include -o out/conftest2.o conftest.c >&5
configure:16005: $? = 0
configure:16027: result: yes
configure:16035: checking if gcc supports -c -o file.o
configure:16083: result: yes
configure:16116: checking whether the gcc linker (/usr/bin/ld -m elf_x86_64) supports shared libraries
configure:17384: result: yes
configure:17421: checking whether -lc should be explicitly linked in
configure:17430: gcc -c -I/sciclone/home/jrcalzada/.local/include -I/sciclone/home/jrcalzada/.local/include conftest.c >&5
configure:17433: $? = 0
configure:17448: gcc -shared  -fPIC -DPIC conftest.o  -v -Wl,-soname -Wl,conftest -o conftest 2\>\&1 \| /usr/bin/grep  -lc  \>/dev/null 2\>\&1
configure:17451: $? = 0
configure:17465: result: no
configure:17625: checking dynamic linker characteristics
configure:18207: gcc -o conftest -I/sciclone/home/jrcalzada/.local/include -I/sciclone/home/jrcalzada/.local/include -L/sciclone/home/jrcalzada/.local/lib -Wl,-rpath -Wl,/foo conftest.c  >&5
configure:18207: $? = 0
configure:18446: result: GNU/Linux ld.so
configure:18568: checking how to hardcode library paths into programs
configure:18593: result: immediate
configure:19145: checking whether stripping libraries is possible
configure:19154: result: yes
configure:19196: checking if libtool supports shared libraries
configure:19198: result: yes
configure:19201: checking whether to build shared libraries
configure:19226: result: yes
configure:19229: checking whether to build static libraries
configure:19233: result: yes
configure:19274: checking for XPRINT
configure:19281: $PKG_CONFIG --exists --print-errors "x11 >= 1.6 xext xextproto xau printproto"
configure:19284: $? = 0
configure:19298: $PKG_CONFIG --exists --print-errors "x11 >= 1.6 xext xextproto xau printproto"
configure:19301: $? = 0
configure:19359: result: yes
configure:19467: checking that generated files are newer than configure
configure:19473: result: done
configure:19496: creating ./config.status

## ---------------------- ##
## Running config.status. ##
## ---------------------- ##

This file was extended by libXp config.status 1.0.4, which was
generated by GNU Autoconf 2.71.  Invocation command line was

  CONFIG_FILES    = 
  CONFIG_HEADERS  = 
  CONFIG_LINKS    = 
  CONFIG_COMMANDS = 
  $ ./config.status 

on gust.sciclone.wm.edu

config.status:1125: creating Makefile
config.status:1125: creating src/Makefile
config.status:1125: creating man/Makefile
config.status:1125: creating xp.pc
config.status:1125: creating config.h
config.status:1354: executing depfiles commands
config.status:1431: cd src       && sed -e '/# am--include-marker/d' Makefile         | make -f - am--depfiles
config.status:1436: $? = 0
config.status:1354: executing libtool commands

## ---------------- ##
## Cache variables. ##
## ---------------- ##

ac_cv_build=x86_64-pc-linux-gnu
ac_cv_c_compiler_gnu=yes
ac_cv_c_undeclared_builtin_options='none needed'
ac_cv_env_CC_set=
ac_cv_env_CC_value=
ac_cv_env_CFLAGS_set=set
ac_cv_env_CFLAGS_value=-I/sciclone/home/jrcalzada/.local/include
ac_cv_env_CPPFLAGS_set=set
ac_cv_env_CPPFLAGS_value=-I/sciclone/home/jrcalzada/.local/include
ac_cv_env_LDFLAGS_set=set
ac_cv_env_LDFLAGS_value=-L/sciclone/home/jrcalzada/.local/lib
ac_cv_env_LIBS_set=
ac_cv_env_LIBS_value=
ac_cv_env_LT_SYS_LIBRARY_PATH_set=
ac_cv_env_LT_SYS_LIBRARY_PATH_value=
ac_cv_env_PKG_CONFIG_LIBDIR_set=
ac_cv_env_PKG_CONFIG_LIBDIR_value=
ac_cv_env_PKG_CONFIG_PATH_set=set
ac_cv_env_PKG_CONFIG_PATH_value=/sciclone/home/jrcalzada/.local/lib/pkgconfig:/sciclone/home/jrcalzada/.local/share/pkgconfig:/sciclone/home/jrcalzada/.local/lib/pkgconfig:
ac_cv_env_PKG_CONFIG_set=
ac_cv_env_PKG_CONFIG_value=
ac_cv_env_XPRINT_CFLAGS_set=
ac_cv_env_XPRINT_CFLAGS_value=
ac_cv_env_XPRINT_LIBS_set=
ac_cv_env_XPRINT_LIBS_value=
ac_cv_env_build_alias_set=
ac_cv_env_build_alias_value=
ac_cv_env_host_alias_set=
ac_cv_env_host_alias_value=
ac_cv_env_target_alias_set=
ac_cv_env_target_alias_value=
ac_cv_have_decl___INTEL_COMPILER=no
ac_cv_have_decl___SUNPRO_C=no
ac_cv_have_decl___clang__=no
ac_cv_header_dlfcn_h=yes
ac_cv_header_inttypes_h=yes
ac_cv_header_stdint_h=yes
ac_cv_header_stdio_h=yes
ac_cv_header_stdlib_h=yes
ac_cv_header_string_h=yes
ac_cv_header_strings_h=yes
ac_cv_header_sys_stat_h=yes
ac_cv_header_sys_types_h=yes
ac_cv_header_unistd_h=yes
ac_cv_host=x86_64-pc-linux-gnu
ac_cv_objext=o
ac_cv_path_EGREP='/usr/bin/grep -E'
ac_cv_path_FGREP='/usr/bin/grep -F'
ac_cv_path_GREP=/usr/bin/grep
ac_cv_path_SED=/usr/bin/sed
ac_cv_path_ac_pt_PKG_CONFIG=/usr/bin/pkg-config
ac_cv_path_install='/usr/bin/install -c'
ac_cv_path_lt_DD=/usr/bin/dd
ac_cv_path_mkdir=/usr/bin/mkdir
ac_cv_prog_AWK=gawk
ac_cv_prog_ac_ct_AR=ar
ac_cv_prog_ac_ct_CC=gcc
ac_cv_prog_ac_ct_FILECMD=file
ac_cv_prog_ac_ct_OBJDUMP=objdump
ac_cv_prog_ac_ct_RANLIB=ranlib
ac_cv_prog_ac_ct_STRIP=strip
ac_cv_prog_cc_c11=
ac_cv_prog_cc_g=yes
ac_cv_prog_cc_stdc=
ac_cv_prog_make_make_set=yes
am_cv_CC_dependencies_compiler_type=gcc3
am_cv_make_support_nested_variables=yes
am_cv_prog_cc_c_o=yes
lt_cv_ar_at_file=@
lt_cv_archive_cmds_need_lc=no
lt_cv_deplibs_check_method=pass_all
lt_cv_file_magic_cmd='$MAGIC_CMD'
lt_cv_file_magic_test_file=
lt_cv_ld_reload_flag=-r
lt_cv_nm_interface='BSD nm'
lt_cv_objdir=.libs
lt_cv_path_LD=/usr/bin/ld
lt_cv_path_NM='/usr/bin/nm -B'
lt_cv_path_mainfest_tool=no
lt_cv_prog_compiler_c_o=yes
lt_cv_prog_compiler_pic='-fPIC -DPIC'
lt_cv_prog_compiler_pic_works=yes
lt_cv_prog_compiler_rtti_exceptions=no
lt_cv_prog_compiler_static_works=no
lt_cv_prog_gnu_ld=yes
lt_cv_sharedlib_from_linklib_cmd='printf %s\n'
lt_cv_shlibpath_overrides_runpath=no
lt_cv_sys_global_symbol_pipe='/usr/bin/sed -n -e '\''s/^.*[	 ]\([ABCDGIRSTW][ABCDGIRSTW]*\)[	 ][	 ]*\([_A-Za-z][_A-Za-z0-9]*\)$/\1 \2 \2/p'\'' | /usr/bin/sed '\''/ __gnu_lto/d'\'''
lt_cv_sys_global_symbol_to_c_name_address='/usr/bin/sed -n -e '\''s/^: \(.*\) .*$/  {"\1", (void *) 0},/p'\'' -e '\''s/^[ABCDGIRSTW][ABCDGIRSTW]* .* \(.*\)$/  {"\1", (void *) \&\1},/p'\'''
lt_cv_sys_global_symbol_to_c_name_address_lib_prefix='/usr/bin/sed -n -e '\''s/^: \(.*\) .*$/  {"\1", (void *) 0},/p'\'' -e '\''s/^[ABCDGIRSTW][ABCDGIRSTW]* .* \(lib.*\)$/  {"\1", (void *) \&\1},/p'\'' -e '\''s/^[ABCDGIRSTW][ABCDGIRSTW]* .* \(.*\)$/  {"lib\1", (void *) \&\1},/p'\'''
lt_cv_sys_global_symbol_to_cdecl='/usr/bin/sed -n -e '\''s/^T .* \(.*\)$/extern int \1();/p'\'' -e '\''s/^[ABCDGIRSTW][ABCDGIRSTW]* .* \(.*\)$/extern char \1;/p'\'''
lt_cv_sys_global_symbol_to_import=
lt_cv_sys_max_cmd_len=4718592
lt_cv_to_host_file_cmd=func_convert_file_noop
lt_cv_to_tool_file_cmd=func_convert_file_noop
lt_cv_truncate_bin='/usr/bin/dd bs=4096 count=1'
pkg_cv_XPRINT_CFLAGS='-I/sciclone/home/jrcalzada/.local/include '
pkg_cv_XPRINT_LIBS='-lX11 -lXext -lXau '
xorg_cv_cc_flag__Wall=yes
xorg_cv_cc_flag__Wbad_function_cast=yes
xorg_cv_cc_flag__Wdeclaration_after_statement=yes
xorg_cv_cc_flag__Werror=yes
xorg_cv_cc_flag__Werror_address=yes
xorg_cv_cc_flag__Werror_array_bounds=yes
xorg_cv_cc_flag__Werror_attributes=yes
xorg_cv_cc_flag__Werror_implicit=yes
xorg_cv_cc_flag__Werror_init_self=yes
xorg_cv_cc_flag__Werror_int_to_pointer_cast=yes
xorg_cv_cc_flag__Werror_main=yes
xorg_cv_cc_flag__Werror_missing_braces=yes
xorg_cv_cc_flag__Werror_nonnull=yes
xorg_cv_cc_flag__Werror_pointer_to_int_cast=yes
xorg_cv_cc_flag__Werror_return_type=yes
xorg_cv_cc_flag__Werror_sequence_point=yes
xorg_cv_cc_flag__Werror_trigraphs=yes
xorg_cv_cc_flag__Werror_write_strings=yes
xorg_cv_cc_flag__Wformat_2=yes
xorg_cv_cc_flag__Wlogical_op=yes
xorg_cv_cc_flag__Wmissing_declarations=yes
xorg_cv_cc_flag__Wmissing_format_attribute=yes
xorg_cv_cc_flag__Wmissing_noreturn=yes
xorg_cv_cc_flag__Wmissing_prototypes=yes
xorg_cv_cc_flag__Wnested_externs=yes
xorg_cv_cc_flag__Wold_style_definition=yes
xorg_cv_cc_flag__Wpointer_arith=yes
xorg_cv_cc_flag__Wredundant_decls=yes
xorg_cv_cc_flag__Wshadow=yes
xorg_cv_cc_flag__Wstrict_prototypes=yes
xorg_cv_cc_flag__Wuninitialized=yes
xorg_cv_cc_flag__Wunused=yes
xorg_cv_cc_flag__pedantic=yes
xorg_cv_cc_flag_unknown_warning_option=no
xorg_cv_cc_flag_unused_command_line_argument=no

## ----------------- ##
## Output variables. ##
## ----------------- ##

ACLOCAL='${SHELL} '\''/sciclone/home/jrcalzada/schism/src/Utility/ACE/libXp-1.0.4/missing'\'' aclocal-1.16'
ADMIN_MAN_DIR='$(mandir)/man$(ADMIN_MAN_SUFFIX)'
ADMIN_MAN_SUFFIX='8'
AMDEPBACKSLASH='\'
AMDEP_FALSE='#'
AMDEP_TRUE=''
AMTAR='$${TAR-tar}'
AM_BACKSLASH='\'
AM_DEFAULT_V='$(AM_DEFAULT_VERBOSITY)'
AM_DEFAULT_VERBOSITY='0'
AM_V='$(V)'
APP_MAN_DIR='$(mandir)/man$(APP_MAN_SUFFIX)'
APP_MAN_SUFFIX='1'
AR='ar'
AUTOCONF='${SHELL} '\''/sciclone/home/jrcalzada/schism/src/Utility/ACE/libXp-1.0.4/missing'\'' autoconf'
AUTOHEADER='${SHELL} '\''/sciclone/home/jrcalzada/schism/src/Utility/ACE/libXp-1.0.4/missing'\'' autoheader'
AUTOMAKE='${SHELL} '\''/sciclone/home/jrcalzada/schism/src/Utility/ACE/libXp-1.0.4/missing'\'' automake-1.16'
AWK='gawk'
BASE_CFLAGS=' -Wall -Wpointer-arith -Wmissing-declarations -Wformat=2 -Wstrict-prototypes -Wmissing-prototypes -Wnested-externs -Wbad-function-cast -Wold-style-definition -Wdeclaration-after-statement -Wunused -Wuninitialized -Wshadow -Wmissing-noreturn -Wmissing-format-attribute -Wredundant-decls -Wlogical-op -Werror=implicit -Werror=nonnull -Werror=init-self -Werror=main -Werror=missing-braces -Werror=sequence-point -Werror=return-type -Werror=trigraphs -Werror=array-bounds -Werror=write-strings -Werror=address -Werror=int-to-pointer-cast -Werror=pointer-to-int-cast'
CC='gcc'
CCDEPMODE='depmode=gcc3'
CFLAGS='-I/sciclone/home/jrcalzada/.local/include'
CHANGELOG_CMD='((GIT_DIR=$(top_srcdir)/.git git log > $(top_srcdir)/.changelog.tmp) 2>/dev/null && mv $(top_srcdir)/.changelog.tmp $(top_srcdir)/ChangeLog) || (rm -f $(top_srcdir)/.changelog.tmp; test -e $(top_srcdir)/ChangeLog || ( touch $(top_srcdir)/ChangeLog; echo '\''git failed to create ChangeLog: installing empty ChangeLog.'\'' >&2))'
CPPFLAGS='-I/sciclone/home/jrcalzada/.local/include'
CSCOPE='cscope'
CTAGS='ctags'
CWARNFLAGS=' -Wall -Wpointer-arith -Wmissing-declarations -Wformat=2 -Wstrict-prototypes -Wmissing-prototypes -Wnested-externs -Wbad-function-cast -Wold-style-definition -Wdeclaration-after-statement -Wunused -Wuninitialized -Wshadow -Wmissing-noreturn -Wmissing-format-attribute -Wredundant-decls -Wlogical-op -Werror=implicit -Werror=nonnull -Werror=init-self -Werror=main -Werror=missing-braces -Werror=sequence-point -Werror=return-type -Werror=trigraphs -Werror=array-bounds -Werror=write-strings -Werror=address -Werror=int-to-pointer-cast -Werror=pointer-to-int-cast -fno-strict-aliasing'
CYGPATH_W='echo'
DEFS='-DHAVE_CONFIG_H'
DEPDIR='.deps'
DLLTOOL='false'
DRIVER_MAN_DIR='$(mandir)/man$(DRIVER_MAN_SUFFIX)'
DRIVER_MAN_SUFFIX='4'
DSYMUTIL=''
DUMPBIN=''
ECHO_C=''
ECHO_N='-n'
ECHO_T=''
EGREP='/usr/bin/grep -E'
ETAGS='etags'
EXEEXT=''
FGREP='/usr/bin/grep -F'
FILECMD='file'
FILE_MAN_DIR='$(mandir)/man$(FILE_MAN_SUFFIX)'
FILE_MAN_SUFFIX='5'
GREP='/usr/bin/grep'
INSTALL_CMD='(cp -f /sciclone/home/jrcalzada/.local/share/util-macros/INSTALL $(top_srcdir)/.INSTALL.tmp && mv $(top_srcdir)/.INSTALL.tmp $(top_srcdir)/INSTALL) || (rm -f $(top_srcdir)/.INSTALL.tmp; test -e $(top_srcdir)/INSTALL || ( touch $(top_srcdir)/INSTALL; echo '\''failed to copy INSTALL from util-macros: installing empty INSTALL.'\'' >&2))'
INSTALL_DATA='${INSTALL} -m 644'
INSTALL_PROGRAM='${INSTALL}'
INSTALL_SCRIPT='${INSTALL}'
INSTALL_STRIP_PROGRAM='$(install_sh) -c -s'
LD='/usr/bin/ld -m elf_x86_64'
LDFLAGS='-L/sciclone/home/jrcalzada/.local/lib'
LIBOBJS=''
LIBS=''
LIBTOOL='$(SHELL) $(top_builddir)/libtool'
LIB_MAN_DIR='$(mandir)/man$(LIB_MAN_SUFFIX)'
LIB_MAN_SUFFIX='3'
LIPO=''
LN_S='ln -s'
LTLIBOBJS=''
LT_SYS_LIBRARY_PATH=''
MAKEINFO='${SHELL} '\''/sciclone/home/jrcalzada/schism/src/Utility/ACE/libXp-1.0.4/missing'\'' makeinfo'
MANIFEST_TOOL=':'
MAN_SUBSTS='	-e '\''s|__vendorversion__|"$(PACKAGE_STRING)" "$(XORG_MAN_PAGE)"|'\'' 	-e '\''s|__xorgversion__|"$(PACKAGE_STRING)" "$(XORG_MAN_PAGE)"|'\'' 	-e '\''s|__xservername__|Xorg|g'\'' 	-e '\''s|__xconfigfile__|xorg.conf|g'\'' 	-e '\''s|__projectroot__|$(prefix)|g'\'' 	-e '\''s|__apploaddir__|$(appdefaultdir)|g'\'' 	-e '\''s|__appmansuffix__|$(APP_MAN_SUFFIX)|g'\'' 	-e '\''s|__drivermansuffix__|$(DRIVER_MAN_SUFFIX)|g'\'' 	-e '\''s|__adminmansuffix__|$(ADMIN_MAN_SUFFIX)|g'\'' 	-e '\''s|__libmansuffix__|$(LIB_MAN_SUFFIX)|g'\'' 	-e '\''s|__miscmansuffix__|$(MISC_MAN_SUFFIX)|g'\'' 	-e '\''s|__filemansuffix__|$(FILE_MAN_SUFFIX)|g'\'''
MISC_MAN_DIR='$(mandir)/man$(MISC_MAN_SUFFIX)'
MISC_MAN_SUFFIX='7'
MKDIR_P='/usr/bin/mkdir -p'
NM='/usr/bin/nm -B'
NMEDIT=''
OBJDUMP='objdump'
OBJEXT='o'
OTOOL64=''
OTOOL=''
PACKAGE='libXp'
PACKAGE_BUGREPORT='https://gitlab.freedesktop.org/xorg/lib/libxp/-/issues'
PACKAGE_NAME='libXp'
PACKAGE_STRING='libXp 1.0.4'
PACKAGE_TARNAME='libXp'
PACKAGE_URL=''
PACKAGE_VERSION='1.0.4'
PATH_SEPARATOR=':'
PKG_CONFIG='/usr/bin/pkg-config'
PKG_CONFIG_LIBDIR=''
PKG_CONFIG_PATH='/sciclone/home/jrcalzada/.local/lib/pkgconfig:/sciclone/home/jrcalzada/.local/share/pkgconfig:/sciclone/home/jrcalzada/.local/lib/pkgconfig:'
RANLIB='ranlib'
SED='/usr/bin/sed'
SET_MAKE=''
SHELL='/bin/sh'
STRICT_CFLAGS=' -pedantic -Werror -Werror=attributes'
STRIP='strip'
VERSION='1.0.4'
XORG_MAN_PAGE='X Version 11'
XPRINT_CFLAGS='-I/sciclone/home/jrcalzada/.local/include '
XPRINT_LIBS='-lX11 -lXext -lXau '
ac_ct_AR='ar'
ac_ct_CC='gcc'
ac_ct_DUMPBIN=''
am__EXEEXT_FALSE=''
am__EXEEXT_TRUE='#'
am__fastdepCC_FALSE='#'
am__fastdepCC_TRUE=''
am__include='include'
am__isrc=''
am__leading_dot='.'
am__nodep='_no'
am__quote=''
am__tar='$${TAR-tar} chof - "$$tardir"'
am__untar='$${TAR-tar} xf -'
bindir='${exec_prefix}/bin'
build='x86_64-pc-linux-gnu'
build_alias=''
build_cpu='x86_64'
build_os='linux-gnu'
build_vendor='pc'
datadir='${datarootdir}'
datarootdir='${prefix}/share'
docdir='${datarootdir}/doc/${PACKAGE_TARNAME}'
dvidir='${docdir}'
exec_prefix='${prefix}'
host='x86_64-pc-linux-gnu'
host_alias=''
host_cpu='x86_64'
host_os='linux-gnu'
host_vendor='pc'
htmldir='${docdir}'
includedir='${prefix}/include'
infodir='${datarootdir}/info'
install_sh='${SHELL} /sciclone/home/jrcalzada/schism/src/Utility/ACE/libXp-1.0.4/install-sh'
libdir='${exec_prefix}/lib'
libexecdir='${exec_prefix}/libexec'
localedir='${datarootdir}/locale'
localstatedir='${prefix}/var'
mandir='${datarootdir}/man'
mkdir_p='$(MKDIR_P)'
oldincludedir='/usr/include'
pdfdir='${docdir}'
prefix='/sciclone/home/jrcalzada/.local'
program_transform_name='s,x,x,'
psdir='${docdir}'
runstatedir='${localstatedir}/run'
sbindir='${exec_prefix}/sbin'
sharedstatedir='${prefix}/com'
sysconfdir='${prefix}/etc'
target_alias=''

## ----------- ##
## confdefs.h. ##
## ----------- ##

/* confdefs.h */
#define PACKAGE_NAME "libXp"
#define PACKAGE_TARNAME "libXp"
#define PACKAGE_VERSION "1.0.4"
#define PACKAGE_STRING "libXp 1.0.4"
#define PACKAGE_BUGREPORT "https://gitlab.freedesktop.org/xorg/lib/libxp/-/issues"
#define PACKAGE_URL ""
#define PACKAGE "libXp"
#define VERSION "1.0.4"
#define HAVE_STDIO_H 1
#define HAVE_STDLIB_H 1
#define HAVE_STRING_H 1
#define HAVE_INTTYPES_H 1
#define HAVE_STDINT_H 1
#define HAVE_STRINGS_H 1
#define HAVE_SYS_STAT_H 1
#define HAVE_SYS_TYPES_H 1
#define HAVE_UNISTD_H 1
#define STDC_HEADERS 1
#define PACKAGE_VERSION_MAJOR 1
#define PACKAGE_VERSION_MINOR 0
#define PACKAGE_VERSION_PATCHLEVEL 4
#define HAVE_DLFCN_H 1
#define LT_OBJDIR ".libs/"

configure: exit 0
