This file contains any messages produced by compilers while
running configure, to aid debugging if configure makes a mistake.

It was created by PrintProto configure 1.0.5, which was
generated by GNU Autoconf 2.68.  Invocation command line was

  $ ./configure --prefix=/sciclone/home/jrcalzada/.local

## --------- ##
## Platform. ##
## --------- ##

hostname = gust.sciclone.wm.edu
uname -m = x86_64
uname -r = 5.14.0-362.24.1.el9_3.0.1.x86_64
uname -s = Linux
uname -v = #1 SMP PREEMPT_DYNAMIC Thu Apr 4 22:31:43 UTC 2024

/usr/bin/uname -p = x86_64
/bin/uname -X     = unknown

/bin/arch              = x86_64
/usr/bin/arch -k       = unknown
/usr/convex/getsysinfo = unknown
/usr/bin/hostinfo      = unknown
/bin/machine           = unknown
/usr/bin/oslevel       = unknown
/bin/universe          = unknown

PATH: /sciclone/home/jrcalzada/.pyenv/shims
PATH: /sciclone/home/jrcalzada/.local/share/git-subrepo/lib
PATH: /sciclone/home/jrcalzada/.nvm/versions/node/v16.17.0/bin
PATH: /sciclone/home/jrcalzada/.miniconda3/bin
PATH: /sciclone/home/jrcalzada/.local/bin
PATH: /sciclone/home/jrcalzada/.local/share/git-subrepo/lib
PATH: /sciclone/home/jrcalzada/.nvm/versions/node/v16.17.0/bin
PATH: /sciclone/home/jrcalzada/.miniconda3/bin
PATH: /sciclone/home/jrcalzada/.local/bin
PATH: /sciclone/home/jrcalzada/.local/share/git-subrepo/lib
PATH: /sciclone/home/jrcalzada/.nvm/versions/node/v16.17.0/bin
PATH: /sciclone/home/jrcalzada/.miniconda3/bin
PATH: /sciclone/home/jrcalzada/.local/bin
PATH: /sciclone/home/jrcalzada/.local/share/git-subrepo/lib
PATH: /sciclone/home/jrcalzada/.nvm/versions/node/v16.17.0/bin
PATH: /sciclone/home/jrcalzada/.miniconda3/bin
PATH: /sciclone/home/jrcalzada/.local/bin
PATH: /sciclone/home/jrcalzada/.local/bin
PATH: /usr/local/bin
PATH: /sciclone/home/jrcalzada/.pyenv/bin
PATH: /sciclone/home/jrcalzada/.local/share/git-subrepo/lib
PATH: /sciclone/home/jrcalzada/.nvm/versions/node/v16.17.0/bin
PATH: /sciclone/home/jrcalzada/.miniconda3/bin
PATH: /sciclone/home/jrcalzada/.local/bin
PATH: /sciclone/home/jrcalzada/.local/bin
PATH: /sciclone/home/jrcalzada/.gust/bin
PATH: /sciclone/home/jrcalzada/.cargo/bin
PATH: /sciclone/home/jrcalzada/.local/bin
PATH: /usr/local/slurm-23.11.6/bin
PATH: /usr/local/slurm-23.11.6/sbin
PATH: /usr/local/slurm-23.11.6/sbank/bin
PATH: /usr/local/bin
PATH: /usr/share/Modules/bin
PATH: /usr/local/bin
PATH: /usr/bin
PATH: /usr/local/sbin
PATH: /usr/sbin
PATH: /usr/local/sbin
PATH: /usr/sbin
PATH: /sciclone/home/jrcalzada/bin
PATH: /sciclone/home/jrcalzada/.fzf/bin
PATH: /usr/local/sbin
PATH: /usr/sbin
PATH: /sciclone/home/jrcalzada/bin


## ----------- ##
## Core tests. ##
## ----------- ##

configure:2054: checking for a BSD-compatible install
configure:2122: result: /usr/bin/install -c
configure:2133: checking whether build environment is sane
configure:2183: result: yes
configure:2324: checking for a thread-safe mkdir -p
configure:2363: result: /usr/bin/mkdir -p
configure:2376: checking for gawk
configure:2392: found /usr/bin/gawk
configure:2403: result: gawk
configure:2414: checking whether make sets $(MAKE)
configure:2436: result: yes
configure:2517: checking whether to enable maintainer-specific portions of Makefiles
configure:2526: result: no
configure:2564: checking for style of include used by make
configure:2592: result: GNU
configure:2662: checking for gcc
configure:2678: found /usr/bin/gcc
configure:2689: result: gcc
configure:2918: checking for C compiler version
configure:2927: gcc --version >&5
gcc (GCC) 11.4.1 20230605 (Red Hat 11.4.1-2)
Copyright (C) 2021 Free Software Foundation, Inc.
This is free software; see the source for copying conditions.  There is NO
warranty; not even for MERCHANTABILITY or FITNESS FOR A PARTICULAR PURPOSE.

configure:2938: $? = 0
configure:2927: gcc -v >&5
Using built-in specs.
COLLECT_GCC=gcc
COLLECT_LTO_WRAPPER=/usr/libexec/gcc/x86_64-redhat-linux/11/lto-wrapper
OFFLOAD_TARGET_NAMES=nvptx-none
OFFLOAD_TARGET_DEFAULT=1
Target: x86_64-redhat-linux
Configured with: ../configure --enable-bootstrap --enable-host-pie --enable-host-bind-now --enable-languages=c,c++,fortran,lto --prefix=/usr --mandir=/usr/share/man --infodir=/usr/share/info --with-bugurl=https://bugs.rockylinux.org/ --enable-shared --enable-threads=posix --enable-checking=release --with-system-zlib --enable-__cxa_atexit --disable-libunwind-exceptions --enable-gnu-unique-object --enable-linker-build-id --with-gcc-major-version-only --enable-plugin --enable-initfini-array --without-isl --enable-multilib --with-linker-hash-style=gnu --enable-offload-targets=nvptx-none --without-cuda-driver --enable-gnu-indirect-function --enable-cet --with-tune=generic --with-arch_64=x86-64-v2 --with-arch_32=x86-64 --build=x86_64-redhat-linux --with-build-config=bootstrap-lto --enable-link-serialization=1
Thread model: posix
Supported LTO compression algorithms: zlib zstd
gcc version 11.4.1 20230605 (Red Hat 11.4.1-2) (GCC) 
... rest of stderr output deleted ...
configure:2938: $? = 0
configure:2927: gcc -V >&5
gcc: error: unrecognized command-line option '-V'
gcc: fatal error: no input files
compilation terminated.
configure:2938: $? = 1
configure:2927: gcc -qversion >&5
gcc: error: unrecognized command-line option '-qversion'; did you mean '--version'?
gcc: fatal error: no input files
compilation terminated.
configure:2938: $? = 1
configure:2958: checking whether the C compiler works
configure:2980: gcc -I/sciclone/home/jrcalzada/.local/include -I/sciclone/home/jrcalzada/.local/include -L/sciclone/home/jrcalzada/.local/lib conftest.c  >&5
configure:2984: $? = 0
configure:3032: result: yes
configure:3035: checking for C compiler default output file name
configure:3037: result: a.out
configure:3043: checking for suffix of executables
configure:3050: gcc -o conftest -I/sciclone/home/jrcalzada/.local/include -I/sciclone/home/jrcalzada/.local/include -L/sciclone/home/jrcalzada/.local/lib conftest.c  >&5
configure:3054: $? = 0
configure:3076: result: 
configure:3098: checking whether we are cross compiling
configure:3106: gcc -o conftest -I/sciclone/home/jrcalzada/.local/include -I/sciclone/home/jrcalzada/.local/include -L/sciclone/home/jrcalzada/.local/lib conftest.c  >&5
configure:3110: $? = 0
configure:3117: ./conftest
configure:3121: $? = 0
configure:3136: result: no
configure:3141: checking for suffix of object files
configure:3163: gcc -c -I/sciclone/home/jrcalzada/.local/include -I/sciclone/home/jrcalzada/.local/include conftest.c >&5
configure:3167: $? = 0
configure:3188: result: o
configure:3192: checking whether we are using the GNU C compiler
configure:3211: gcc -c -I/sciclone/home/jrcalzada/.local/include -I/sciclone/home/jrcalzada/.local/include conftest.c >&5
configure:3211: $? = 0
configure:3220: result: yes
configure:3229: checking whether gcc accepts -g
configure:3249: gcc -c -g -I/sciclone/home/jrcalzada/.local/include conftest.c >&5
configure:3249: $? = 0
configure:3290: result: yes
configure:3307: checking for gcc option to accept ISO C89
configure:3371: gcc  -c -I/sciclone/home/jrcalzada/.local/include -I/sciclone/home/jrcalzada/.local/include conftest.c >&5
configure:3371: $? = 0
configure:3384: result: none needed
configure:3406: checking dependency style of gcc
configure:3516: result: none
configure:3531: checking for gcc option to accept ISO C99
configure:3680: gcc  -c -I/sciclone/home/jrcalzada/.local/include -I/sciclone/home/jrcalzada/.local/include conftest.c >&5
configure:3680: $? = 0
configure:3693: result: none needed
configure:3714: checking how to run the C preprocessor
configure:3745: gcc -E -I/sciclone/home/jrcalzada/.local/include conftest.c
configure:3745: $? = 0
configure:3759: gcc -E -I/sciclone/home/jrcalzada/.local/include conftest.c
conftest.c:11:10: fatal error: ac_nonexistent.h: No such file or directory
   11 | #include <ac_nonexistent.h>
      |          ^~~~~~~~~~~~~~~~~~
compilation terminated.
configure:3759: $? = 1
configure: failed program was:
| /* confdefs.h */
| #define PACKAGE_NAME "PrintProto"
| #define PACKAGE_TARNAME "printproto"
| #define PACKAGE_VERSION "1.0.5"
| #define PACKAGE_STRING "PrintProto 1.0.5"
| #define PACKAGE_BUGREPORT "https://bugs.freedesktop.org/enter_bug.cgi?product=xorg"
| #define PACKAGE_URL ""
| #define PACKAGE "printproto"
| #define VERSION "1.0.5"
| /* end confdefs.h.  */
| #include <ac_nonexistent.h>
configure:3784: result: gcc -E
configure:3804: gcc -E -I/sciclone/home/jrcalzada/.local/include conftest.c
configure:3804: $? = 0
configure:3818: gcc -E -I/sciclone/home/jrcalzada/.local/include conftest.c
conftest.c:11:10: fatal error: ac_nonexistent.h: No such file or directory
   11 | #include <ac_nonexistent.h>
      |          ^~~~~~~~~~~~~~~~~~
compilation terminated.
configure:3818: $? = 1
configure: failed program was:
| /* confdefs.h */
| #define PACKAGE_NAME "PrintProto"
| #define PACKAGE_TARNAME "printproto"
| #define PACKAGE_VERSION "1.0.5"
| #define PACKAGE_STRING "PrintProto 1.0.5"
| #define PACKAGE_BUGREPORT "https://bugs.freedesktop.org/enter_bug.cgi?product=xorg"
| #define PACKAGE_URL ""
| #define PACKAGE "printproto"
| #define VERSION "1.0.5"
| /* end confdefs.h.  */
| #include <ac_nonexistent.h>
configure:3847: checking for grep that handles long lines and -e
configure:3905: result: /usr/bin/grep
configure:3910: checking for egrep
configure:3972: result: /usr/bin/grep -E
configure:3977: checking for ANSI C header files
configure:3997: gcc -c -I/sciclone/home/jrcalzada/.local/include -I/sciclone/home/jrcalzada/.local/include conftest.c >&5
configure:3997: $? = 0
configure:4070: gcc -o conftest -I/sciclone/home/jrcalzada/.local/include -I/sciclone/home/jrcalzada/.local/include -L/sciclone/home/jrcalzada/.local/lib conftest.c  >&5
configure:4070: $? = 0
configure:4070: ./conftest
configure:4070: $? = 0
configure:4081: result: yes
configure:4094: checking for sys/types.h
configure:4094: gcc -c -I/sciclone/home/jrcalzada/.local/include -I/sciclone/home/jrcalzada/.local/include conftest.c >&5
configure:4094: $? = 0
configure:4094: result: yes
configure:4094: checking for sys/stat.h
configure:4094: gcc -c -I/sciclone/home/jrcalzada/.local/include -I/sciclone/home/jrcalzada/.local/include conftest.c >&5
configure:4094: $? = 0
configure:4094: result: yes
configure:4094: checking for stdlib.h
configure:4094: gcc -c -I/sciclone/home/jrcalzada/.local/include -I/sciclone/home/jrcalzada/.local/include conftest.c >&5
configure:4094: $? = 0
configure:4094: result: yes
configure:4094: checking for string.h
configure:4094: gcc -c -I/sciclone/home/jrcalzada/.local/include -I/sciclone/home/jrcalzada/.local/include conftest.c >&5
configure:4094: $? = 0
configure:4094: result: yes
configure:4094: checking for memory.h
configure:4094: gcc -c -I/sciclone/home/jrcalzada/.local/include -I/sciclone/home/jrcalzada/.local/include conftest.c >&5
configure:4094: $? = 0
configure:4094: result: yes
configure:4094: checking for strings.h
configure:4094: gcc -c -I/sciclone/home/jrcalzada/.local/include -I/sciclone/home/jrcalzada/.local/include conftest.c >&5
configure:4094: $? = 0
configure:4094: result: yes
configure:4094: checking for inttypes.h
configure:4094: gcc -c -I/sciclone/home/jrcalzada/.local/include -I/sciclone/home/jrcalzada/.local/include conftest.c >&5
configure:4094: $? = 0
configure:4094: result: yes
configure:4094: checking for stdint.h
configure:4094: gcc -c -I/sciclone/home/jrcalzada/.local/include -I/sciclone/home/jrcalzada/.local/include conftest.c >&5
configure:4094: $? = 0
configure:4094: result: yes
configure:4094: checking for unistd.h
configure:4094: gcc -c -I/sciclone/home/jrcalzada/.local/include -I/sciclone/home/jrcalzada/.local/include conftest.c >&5
configure:4094: $? = 0
configure:4094: result: yes
configure:4155: checking for pkg-config
configure:4173: found /usr/bin/pkg-config
configure:4185: result: /usr/bin/pkg-config
configure:4210: checking pkg-config is at least version 0.9.0
configure:4213: result: yes
configure:4226: checking build system type
configure:4240: result: x86_64-unknown-linux-gnu
configure:4260: checking host system type
configure:4273: result: x86_64-unknown-linux-gnu
configure:4293: checking for a sed that does not truncate output
configure:4357: result: /usr/bin/sed
configure:4736: creating ./config.status

## ---------------------- ##
## Running config.status. ##
## ---------------------- ##

This file was extended by PrintProto config.status 1.0.5, which was
generated by GNU Autoconf 2.68.  Invocation command line was

  CONFIG_FILES    = 
  CONFIG_HEADERS  = 
  CONFIG_LINKS    = 
  CONFIG_COMMANDS = 
  $ ./config.status 

on gust.sciclone.wm.edu

config.status:824: creating Makefile
config.status:824: creating printproto.pc
config.status:996: executing depfiles commands

## ---------------- ##
## Cache variables. ##
## ---------------- ##

ac_cv_build=x86_64-unknown-linux-gnu
ac_cv_c_compiler_gnu=yes
ac_cv_env_CC_set=
ac_cv_env_CC_value=
ac_cv_env_CFLAGS_set=set
ac_cv_env_CFLAGS_value=-I/sciclone/home/jrcalzada/.local/include
ac_cv_env_CPPFLAGS_set=set
ac_cv_env_CPPFLAGS_value=-I/sciclone/home/jrcalzada/.local/include
ac_cv_env_CPP_set=
ac_cv_env_CPP_value=
ac_cv_env_LDFLAGS_set=set
ac_cv_env_LDFLAGS_value=-L/sciclone/home/jrcalzada/.local/lib
ac_cv_env_LIBS_set=
ac_cv_env_LIBS_value=
ac_cv_env_PKG_CONFIG_set=
ac_cv_env_PKG_CONFIG_value=
ac_cv_env_build_alias_set=
ac_cv_env_build_alias_value=
ac_cv_env_host_alias_set=
ac_cv_env_host_alias_value=
ac_cv_env_target_alias_set=
ac_cv_env_target_alias_value=
ac_cv_header_inttypes_h=yes
ac_cv_header_memory_h=yes
ac_cv_header_stdc=yes
ac_cv_header_stdint_h=yes
ac_cv_header_stdlib_h=yes
ac_cv_header_string_h=yes
ac_cv_header_strings_h=yes
ac_cv_header_sys_stat_h=yes
ac_cv_header_sys_types_h=yes
ac_cv_header_unistd_h=yes
ac_cv_host=x86_64-unknown-linux-gnu
ac_cv_objext=o
ac_cv_path_EGREP='/usr/bin/grep -E'
ac_cv_path_GREP=/usr/bin/grep
ac_cv_path_SED=/usr/bin/sed
ac_cv_path_ac_pt_PKG_CONFIG=/usr/bin/pkg-config
ac_cv_path_install='/usr/bin/install -c'
ac_cv_path_mkdir=/usr/bin/mkdir
ac_cv_prog_AWK=gawk
ac_cv_prog_CPP='gcc -E'
ac_cv_prog_ac_ct_CC=gcc
ac_cv_prog_cc_c89=
ac_cv_prog_cc_c99=
ac_cv_prog_cc_g=yes
ac_cv_prog_make_make_set=yes
am_cv_CC_dependencies_compiler_type=none

## ----------------- ##
## Output variables. ##
## ----------------- ##

ACLOCAL='${SHELL} /sciclone/home/jrcalzada/schism/src/Utility/ACE/printproto-1.0.5/missing --run aclocal-1.11'
ADMIN_MAN_DIR='$(mandir)/man$(ADMIN_MAN_SUFFIX)'
ADMIN_MAN_SUFFIX='8'
AMDEPBACKSLASH='\'
AMDEP_FALSE='#'
AMDEP_TRUE=''
AMTAR='${SHELL} /sciclone/home/jrcalzada/schism/src/Utility/ACE/printproto-1.0.5/missing --run tar'
AM_BACKSLASH='\'
AM_DEFAULT_VERBOSITY='0'
APP_MAN_DIR='$(mandir)/man$(APP_MAN_SUFFIX)'
APP_MAN_SUFFIX='1'
AUTOCONF='${SHELL} /sciclone/home/jrcalzada/schism/src/Utility/ACE/printproto-1.0.5/missing --run autoconf'
AUTOHEADER='${SHELL} /sciclone/home/jrcalzada/schism/src/Utility/ACE/printproto-1.0.5/missing --run autoheader'
AUTOMAKE='${SHELL} /sciclone/home/jrcalzada/schism/src/Utility/ACE/printproto-1.0.5/missing --run automake-1.11'
AWK='gawk'
CC='gcc'
CCDEPMODE='depmode=none'
CFLAGS='-I/sciclone/home/jrcalzada/.local/include'
CHANGELOG_CMD='(GIT_DIR=$(top_srcdir)/.git git log > $(top_srcdir)/.changelog.tmp && mv $(top_srcdir)/.changelog.tmp $(top_srcdir)/ChangeLog) || (rm -f $(top_srcdir)/.changelog.tmp; touch $(top_srcdir)/ChangeLog; echo '\''git directory not found: installing possibly empty changelog.'\'' >&2)'
CPP='gcc -E'
CPPFLAGS='-I/sciclone/home/jrcalzada/.local/include'
CWARNFLAGS='-Wall -Wpointer-arith -Wstrict-prototypes -Wmissing-prototypes -Wmissing-declarations -Wnested-externs -fno-strict-aliasing -Wbad-function-cast -Wformat=2 '
CYGPATH_W='echo'
DEFS='-DPACKAGE_NAME=\"PrintProto\" -DPACKAGE_TARNAME=\"printproto\" -DPACKAGE_VERSION=\"1.0.5\" -DPACKAGE_STRING=\"PrintProto\ 1.0.5\" -DPACKAGE_BUGREPORT=\"https://bugs.freedesktop.org/enter_bug.cgi\?product=xorg\" -DPACKAGE_URL=\"\" -DPACKAGE=\"printproto\" -DVERSION=\"1.0.5\" -DSTDC_HEADERS=1 -DHAVE_SYS_TYPES_H=1 -DHAVE_SYS_STAT_H=1 -DHAVE_STDLIB_H=1 -DHAVE_STRING_H=1 -DHAVE_MEMORY_H=1 -DHAVE_STRINGS_H=1 -DHAVE_INTTYPES_H=1 -DHAVE_STDINT_H=1 -DHAVE_UNISTD_H=1 -DPACKAGE_VERSION_MAJOR=1 -DPACKAGE_VERSION_MINOR=0 -DPACKAGE_VERSION_PATCHLEVEL=5'
DEPDIR='.deps'
DRIVER_MAN_DIR='$(mandir)/man$(DRIVER_MAN_SUFFIX)'
DRIVER_MAN_SUFFIX='4'
ECHO_C=''
ECHO_N='-n'
ECHO_T=''
EGREP='/usr/bin/grep -E'
EXEEXT=''
FILE_MAN_DIR='$(mandir)/man$(FILE_MAN_SUFFIX)'
FILE_MAN_SUFFIX='5'
GREP='/usr/bin/grep'
INSTALL_CMD='(cp -f /sciclone/home/jrcalzada/.local/share/util-macros/INSTALL $(top_srcdir)/.INSTALL.tmp && mv $(top_srcdir)/.INSTALL.tmp $(top_srcdir)/INSTALL) || (rm -f $(top_srcdir)/.INSTALL.tmp; touch $(top_srcdir)/INSTALL; echo '\''util-macros "pkgdatadir" from xorg-macros.pc not found: installing possibly empty INSTALL.'\'' >&2)'
INSTALL_DATA='${INSTALL} -m 644'
INSTALL_PROGRAM='${INSTALL}'
INSTALL_SCRIPT='${INSTALL}'
INSTALL_STRIP_PROGRAM='$(install_sh) -c -s'
LDFLAGS='-L/sciclone/home/jrcalzada/.local/lib'
LIBOBJS=''
LIBS=''
LIB_MAN_DIR='$(mandir)/man$(LIB_MAN_SUFFIX)'
LIB_MAN_SUFFIX='3'
LTLIBOBJS=''
MAINT='#'
MAINTAINER_MODE_FALSE=''
MAINTAINER_MODE_TRUE='#'
MAKEINFO='${SHELL} /sciclone/home/jrcalzada/schism/src/Utility/ACE/printproto-1.0.5/missing --run makeinfo'
MAN_SUBSTS='	-e '\''s|__vendorversion__|"$(PACKAGE_STRING)" "$(XORG_MAN_PAGE)"|'\'' 	-e '\''s|__xorgversion__|"$(PACKAGE_STRING)" "$(XORG_MAN_PAGE)"|'\'' 	-e '\''s|__xservername__|Xorg|g'\'' 	-e '\''s|__xconfigfile__|xorg.conf|g'\'' 	-e '\''s|__projectroot__|$(prefix)|g'\'' 	-e '\''s|__apploaddir__|$(appdefaultdir)|g'\'' 	-e '\''s|__appmansuffix__|$(APP_MAN_SUFFIX)|g'\'' 	-e '\''s|__drivermansuffix__|$(DRIVER_MAN_SUFFIX)|g'\'' 	-e '\''s|__adminmansuffix__|$(ADMIN_MAN_SUFFIX)|g'\'' 	-e '\''s|__libmansuffix__|$(LIB_MAN_SUFFIX)|g'\'' 	-e '\''s|__miscmansuffix__|$(MISC_MAN_SUFFIX)|g'\'' 	-e '\''s|__filemansuffix__|$(FILE_MAN_SUFFIX)|g'\'''
MISC_MAN_DIR='$(mandir)/man$(MISC_MAN_SUFFIX)'
MISC_MAN_SUFFIX='7'
MKDIR_P='/usr/bin/mkdir -p'
OBJEXT='o'
PACKAGE='printproto'
PACKAGE_BUGREPORT='https://bugs.freedesktop.org/enter_bug.cgi?product=xorg'
PACKAGE_NAME='PrintProto'
PACKAGE_STRING='PrintProto 1.0.5'
PACKAGE_TARNAME='printproto'
PACKAGE_URL=''
PACKAGE_VERSION='1.0.5'
PATH_SEPARATOR=':'
PKG_CONFIG='/usr/bin/pkg-config'
SED='/usr/bin/sed'
SET_MAKE=''
SHELL='/bin/sh'
STRIP=''
VERSION='1.0.5'
XORG_MAN_PAGE='X Version 11'
ac_ct_CC='gcc'
am__EXEEXT_FALSE=''
am__EXEEXT_TRUE='#'
am__fastdepCC_FALSE=''
am__fastdepCC_TRUE='#'
am__include='include'
am__isrc=''
am__leading_dot='.'
am__quote=''
am__tar='${AMTAR} chof - "$$tardir"'
am__untar='${AMTAR} xf -'
bindir='${exec_prefix}/bin'
build='x86_64-unknown-linux-gnu'
build_alias=''
build_cpu='x86_64'
build_os='linux-gnu'
build_vendor='unknown'
datadir='${datarootdir}'
datarootdir='${prefix}/share'
docdir='${datarootdir}/doc/${PACKAGE_TARNAME}'
dvidir='${docdir}'
exec_prefix='${prefix}'
host='x86_64-unknown-linux-gnu'
host_alias=''
host_cpu='x86_64'
host_os='linux-gnu'
host_vendor='unknown'
htmldir='${docdir}'
includedir='${prefix}/include'
infodir='${datarootdir}/info'
install_sh='${SHELL} /sciclone/home/jrcalzada/schism/src/Utility/ACE/printproto-1.0.5/install-sh'
libdir='${exec_prefix}/lib'
libexecdir='${exec_prefix}/libexec'
localedir='${datarootdir}/locale'
localstatedir='${prefix}/var'
mandir='${datarootdir}/man'
mkdir_p='/usr/bin/mkdir -p'
oldincludedir='/usr/include'
pdfdir='${docdir}'
prefix='/sciclone/home/jrcalzada/.local'
program_transform_name='s,x,x,'
psdir='${docdir}'
sbindir='${exec_prefix}/sbin'
sharedstatedir='${prefix}/com'
sysconfdir='${prefix}/etc'
target_alias=''

## ----------- ##
## confdefs.h. ##
## ----------- ##

/* confdefs.h */
#define PACKAGE_NAME "PrintProto"
#define PACKAGE_TARNAME "printproto"
#define PACKAGE_VERSION "1.0.5"
#define PACKAGE_STRING "PrintProto 1.0.5"
#define PACKAGE_BUGREPORT "https://bugs.freedesktop.org/enter_bug.cgi?product=xorg"
#define PACKAGE_URL ""
#define PACKAGE "printproto"
#define VERSION "1.0.5"
#define STDC_HEADERS 1
#define HAVE_SYS_TYPES_H 1
#define HAVE_SYS_STAT_H 1
#define HAVE_STDLIB_H 1
#define HAVE_STRING_H 1
#define HAVE_MEMORY_H 1
#define HAVE_STRINGS_H 1
#define HAVE_INTTYPES_H 1
#define HAVE_STDINT_H 1
#define HAVE_UNISTD_H 1
#define PACKAGE_VERSION_MAJOR 1
#define PACKAGE_VERSION_MINOR 0
#define PACKAGE_VERSION_PATCHLEVEL 5

configure: exit 0
