This file contains any messages produced by compilers while
running configure, to aid debugging if configure makes a mistake.

It was created by util-macros configure 1.20.1, which was
generated by GNU Autoconf 2.71.  Invocation command line was

  $ ./configure --prefix=/sciclone/home/jrcalzada/.local

## --------- ##
## Platform. ##
## --------- ##

hostname = gust.sciclone.wm.edu
uname -m = x86_64
uname -r = 5.14.0-362.24.1.el9_3.0.1.x86_64
uname -s = Linux
uname -v = #1 SMP PREEMPT_DYNAMIC Thu Apr 4 22:31:43 UTC 2024

/usr/bin/uname -p = x86_64
/bin/uname -X     = unknown

/bin/arch              = x86_64
/usr/bin/arch -k       = unknown
/usr/convex/getsysinfo = unknown
/usr/bin/hostinfo      = unknown
/bin/machine           = unknown
/usr/bin/oslevel       = unknown
/bin/universe          = unknown

PATH: /sciclone/home/jrcalzada/.pyenv/shims/
PATH: /sciclone/home/jrcalzada/.local/share/git-subrepo/lib/
PATH: /sciclone/home/jrcalzada/.nvm/versions/node/v16.17.0/bin/
PATH: /sciclone/home/jrcalzada/.miniconda3/bin/
PATH: /sciclone/home/jrcalzada/.local/bin/
PATH: /sciclone/home/jrcalzada/.local/share/git-subrepo/lib/
PATH: /sciclone/home/jrcalzada/.nvm/versions/node/v16.17.0/bin/
PATH: /sciclone/home/jrcalzada/.miniconda3/bin/
PATH: /sciclone/home/jrcalzada/.local/bin/
PATH: /sciclone/home/jrcalzada/.local/share/git-subrepo/lib/
PATH: /sciclone/home/jrcalzada/.nvm/versions/node/v16.17.0/bin/
PATH: /sciclone/home/jrcalzada/.miniconda3/bin/
PATH: /sciclone/home/jrcalzada/.local/bin/
PATH: /sciclone/home/jrcalzada/.local/bin/
PATH: /usr/local/bin/
PATH: /sciclone/home/jrcalzada/.pyenv/bin/
PATH: /sciclone/home/jrcalzada/.local/share/git-subrepo/lib/
PATH: /sciclone/home/jrcalzada/.nvm/versions/node/v16.17.0/bin/
PATH: /sciclone/home/jrcalzada/.miniconda3/bin/
PATH: /sciclone/home/jrcalzada/.local/bin/
PATH: /sciclone/home/jrcalzada/.local/bin/
PATH: /sciclone/home/jrcalzada/.gust/bin/
PATH: /sciclone/home/jrcalzada/.cargo/bin/
PATH: /sciclone/home/jrcalzada/.local/bin/
PATH: /usr/local/slurm-23.11.6/bin/
PATH: /usr/local/slurm-23.11.6/sbin/
PATH: /usr/local/slurm-23.11.6/sbank/bin/
PATH: /usr/local/bin/
PATH: /usr/share/Modules/bin/
PATH: /usr/local/bin/
PATH: /usr/bin/
PATH: /usr/local/sbin/
PATH: /usr/sbin/
PATH: /usr/local/sbin/
PATH: /usr/sbin/
PATH: /sciclone/home/jrcalzada/bin/
PATH: /sciclone/home/jrcalzada/.fzf/bin/
PATH: /usr/local/sbin/
PATH: /usr/sbin/
PATH: /sciclone/home/jrcalzada/bin/


## ----------- ##
## Core tests. ##
## ----------- ##

configure:1712: looking for aux files: missing install-sh
configure:1725:  trying ./
configure:1754:   ./missing found
configure:1736:   ./install-sh found
configure:1884: checking for a BSD-compatible install
configure:1957: result: /usr/bin/install -c
configure:1968: checking whether build environment is sane
configure:2023: result: yes
configure:2182: checking for a race-free mkdir -p
configure:2226: result: /usr/bin/mkdir -p
configure:2233: checking for gawk
configure:2254: found /usr/bin/gawk
configure:2265: result: gawk
configure:2276: checking whether make sets $(MAKE)
configure:2299: result: yes
configure:2329: checking whether make supports nested variables
configure:2347: result: yes
configure:2676: checking that generated files are newer than configure
configure:2682: result: done
configure:2690: creating ./config.status

## ---------------------- ##
## Running config.status. ##
## ---------------------- ##

This file was extended by util-macros config.status 1.20.1, which was
generated by GNU Autoconf 2.71.  Invocation command line was

  CONFIG_FILES    = 
  CONFIG_HEADERS  = 
  CONFIG_LINKS    = 
  CONFIG_COMMANDS = 
  $ ./config.status 

on gust.sciclone.wm.edu

config.status:745: creating xorg-macros.pc
config.status:745: creating Makefile
config.status:745: creating xorg-macros.m4

## ---------------- ##
## Cache variables. ##
## ---------------- ##

ac_cv_env_build_alias_set=
ac_cv_env_build_alias_value=
ac_cv_env_host_alias_set=
ac_cv_env_host_alias_value=
ac_cv_env_target_alias_set=
ac_cv_env_target_alias_value=
ac_cv_path_install='/usr/bin/install -c'
ac_cv_path_mkdir=/usr/bin/mkdir
ac_cv_prog_AWK=gawk
ac_cv_prog_make_make_set=yes
am_cv_make_support_nested_variables=yes

## ----------------- ##
## Output variables. ##
## ----------------- ##

ACLOCAL='${SHELL} '\''/sciclone/home/jrcalzada/schism/src/Utility/ACE/util-macros-1.20.1/missing'\'' aclocal-1.16'
AMTAR='$${TAR-tar}'
AM_BACKSLASH='\'
AM_DEFAULT_V='$(AM_DEFAULT_VERBOSITY)'
AM_DEFAULT_VERBOSITY='1'
AM_V='$(V)'
AUTOCONF='${SHELL} '\''/sciclone/home/jrcalzada/schism/src/Utility/ACE/util-macros-1.20.1/missing'\'' autoconf'
AUTOHEADER='${SHELL} '\''/sciclone/home/jrcalzada/schism/src/Utility/ACE/util-macros-1.20.1/missing'\'' autoheader'
AUTOMAKE='${SHELL} '\''/sciclone/home/jrcalzada/schism/src/Utility/ACE/util-macros-1.20.1/missing'\'' automake-1.16'
AWK='gawk'
CHANGELOG_CMD='((GIT_DIR=$(top_srcdir)/.git git log > $(top_srcdir)/.changelog.tmp) 2>/dev/null && mv $(top_srcdir)/.changelog.tmp $(top_srcdir)/ChangeLog) || (rm -f $(top_srcdir)/.changelog.tmp; test -e $(top_srcdir)/ChangeLog || ( touch $(top_srcdir)/ChangeLog; echo '\''git failed to create ChangeLog: installing empty ChangeLog.'\'' >&2))'
CSCOPE='cscope'
CTAGS='ctags'
CYGPATH_W='echo'
DEFS='-DPACKAGE_NAME=\"util-macros\" -DPACKAGE_TARNAME=\"util-macros\" -DPACKAGE_VERSION=\"1.20.1\" -DPACKAGE_STRING=\"util-macros\ 1.20.1\" -DPACKAGE_BUGREPORT=\"https://gitlab.freedesktop.org/xorg/util/macros/issues\" -DPACKAGE_URL=\"\" -DPACKAGE=\"util-macros\" -DVERSION=\"1.20.1\" -DPACKAGE_VERSION_MAJOR=1 -DPACKAGE_VERSION_MINOR=20 -DPACKAGE_VERSION_PATCHLEVEL=1'
ECHO_C=''
ECHO_N='-n'
ECHO_T=''
ETAGS='etags'
INSTALL_DATA='${INSTALL} -m 644'
INSTALL_PROGRAM='${INSTALL}'
INSTALL_SCRIPT='${INSTALL}'
INSTALL_STRIP_PROGRAM='$(install_sh) -c -s'
LIBOBJS=''
LIBS=''
LTLIBOBJS=''
MAKEINFO='${SHELL} '\''/sciclone/home/jrcalzada/schism/src/Utility/ACE/util-macros-1.20.1/missing'\'' makeinfo'
MKDIR_P='/usr/bin/mkdir -p'
PACKAGE='util-macros'
PACKAGE_BUGREPORT='https://gitlab.freedesktop.org/xorg/util/macros/issues'
PACKAGE_NAME='util-macros'
PACKAGE_STRING='util-macros 1.20.1'
PACKAGE_TARNAME='util-macros'
PACKAGE_URL=''
PACKAGE_VERSION='1.20.1'
PATH_SEPARATOR=':'
SET_MAKE=''
SHELL='/bin/sh'
STRIP=''
VERSION='1.20.1'
am__isrc=''
am__leading_dot='.'
am__tar='$${TAR-tar} chof - "$$tardir"'
am__untar='$${TAR-tar} xf -'
bindir='${exec_prefix}/bin'
build_alias=''
datadir='${datarootdir}'
datarootdir='${prefix}/share'
docdir='${datarootdir}/doc/${PACKAGE_TARNAME}'
dvidir='${docdir}'
exec_prefix='${prefix}'
host_alias=''
htmldir='${docdir}'
includedir='${prefix}/include'
infodir='${datarootdir}/info'
install_sh='${SHELL} /sciclone/home/jrcalzada/schism/src/Utility/ACE/util-macros-1.20.1/install-sh'
libdir='${exec_prefix}/lib'
libexecdir='${exec_prefix}/libexec'
localedir='${datarootdir}/locale'
localstatedir='${prefix}/var'
mandir='${datarootdir}/man'
mkdir_p='$(MKDIR_P)'
oldincludedir='/usr/include'
pdfdir='${docdir}'
prefix='/sciclone/home/jrcalzada/.local'
program_transform_name='s,x,x,'
psdir='${docdir}'
runstatedir='${localstatedir}/run'
sbindir='${exec_prefix}/sbin'
sharedstatedir='${prefix}/com'
sysconfdir='${prefix}/etc'
target_alias=''

## ----------- ##
## confdefs.h. ##
## ----------- ##

/* confdefs.h */
#define PACKAGE_NAME "util-macros"
#define PACKAGE_TARNAME "util-macros"
#define PACKAGE_VERSION "1.20.1"
#define PACKAGE_STRING "util-macros 1.20.1"
#define PACKAGE_BUGREPORT "https://gitlab.freedesktop.org/xorg/util/macros/issues"
#define PACKAGE_URL ""
#define PACKAGE "util-macros"
#define VERSION "1.20.1"
#define PACKAGE_VERSION_MAJOR 1
#define PACKAGE_VERSION_MINOR 20
#define PACKAGE_VERSION_PATCHLEVEL 1

configure: exit 0
